This file contains any messages produced by compilers while
running configure, to aid debugging if configure makes a mistake.

It was created by tcl configure 8.6, which was
generated by GNU Autoconf 2.59.  Invocation command line was

  $ /Users/dominickhera/posaRepo/year3/cis2750/a3/src/tcl8.6.7/macosx/../unix/configure -C --prefix=/usr/local --bindir=/usr/local/bin --libdir=/Library/Frameworks --mandir=/usr/local/man --enable-threads --enable-framework --enable-dtrace --enable-symbols

## --------- ##
## Platform. ##
## --------- ##

hostname = Dominicks-MacBook-Pro.local
uname -m = x86_64
uname -r = 17.2.0
uname -s = Darwin
uname -v = Darwin Kernel Version 17.2.0: Fri Sep 29 18:27:05 PDT 2017; root:xnu-4570.20.62~3/RELEASE_X86_64

/usr/bin/uname -p = i386
/bin/uname -X     = unknown

/bin/arch              = unknown
/usr/bin/arch -k       = unknown
/usr/convex/getsysinfo = unknown
hostinfo               = Mach kernel version:
	 Darwin Kernel Version 17.2.0: Fri Sep 29 18:27:05 PDT 2017; root:xnu-4570.20.62~3/RELEASE_X86_64
Kernel configured for up to 8 processors.
4 processors are physically available.
8 processors are logically available.
Processor type: i486 (Intel 80486)
Processors active: 0 1 2 3 4 5 6 7
Primary memory available: 8.00 gigabytes
Default processor set: 360 tasks, 1350 threads, 8 processors
Load average: 2.37, Mach factor: 5.62
/bin/machine           = unknown
/usr/bin/oslevel       = unknown
/bin/universe          = unknown

PATH: /opt/local/bin
PATH: /opt/local/sbin
PATH: /usr/bin
PATH: /bin
PATH: /usr/sbin
PATH: /sbin
PATH: /usr/local/bin
PATH: /opt/X11/bin


## ----------- ##
## Core tests. ##
## ----------- ##

configure:1243: creating cache config.cache
configure:1385: checking whether to use symlinks for manpages
configure:1394: result: no
configure:1397: checking whether to compress the manpages
configure:1412: result: no
configure:1426: checking whether to add a package name suffix for the manpages
configure:1439: result: no
configure:1501: checking for gcc
configure:1517: found /usr/bin/gcc
configure:1527: result: gcc
configure:1771: checking for C compiler version
configure:1774: gcc --version </dev/null >&5
Configured with: --prefix=/Applications/Xcode.app/Contents/Developer/usr --with-gxx-include-dir=/usr/include/c++/4.2.1
Apple LLVM version 9.0.0 (clang-900.0.38)
Target: x86_64-apple-darwin17.2.0
Thread model: posix
InstalledDir: /Applications/Xcode.app/Contents/Developer/Toolchains/XcodeDefault.xctoolchain/usr/bin
configure:1777: $? = 0
configure:1779: gcc -v </dev/null >&5
Configured with: --prefix=/Applications/Xcode.app/Contents/Developer/usr --with-gxx-include-dir=/usr/include/c++/4.2.1
Apple LLVM version 9.0.0 (clang-900.0.38)
Target: x86_64-apple-darwin17.2.0
Thread model: posix
InstalledDir: /Applications/Xcode.app/Contents/Developer/Toolchains/XcodeDefault.xctoolchain/usr/bin
configure:1782: $? = 0
configure:1784: gcc -V </dev/null >&5
clang: error: argument to '-V' is missing (expected 1 value)
clang: error: no input files
configure:1787: $? = 1
configure:1810: checking for C compiler default output file name
configure:1813: gcc    conftest.c  >&5
configure:1816: $? = 0
configure:1862: result: a.out
configure:1867: checking whether the C compiler works
configure:1873: ./a.out
configure:1876: $? = 0
configure:1893: result: yes
configure:1900: checking whether we are cross compiling
configure:1902: result: no
configure:1905: checking for suffix of executables
configure:1907: gcc -o conftest    conftest.c  >&5
configure:1910: $? = 0
configure:1935: result: 
configure:1941: checking for suffix of object files
configure:1962: gcc -c   conftest.c >&5
configure:1965: $? = 0
configure:1987: result: o
configure:1991: checking whether we are using the GNU C compiler
configure:2015: gcc -c   conftest.c >&5
configure:2021: $? = 0
configure:2025: test -z 
			 || test ! -s conftest.err
configure:2028: $? = 0
configure:2031: test -s conftest.o
configure:2034: $? = 0
configure:2047: result: yes
configure:2053: checking whether gcc accepts -g
configure:2074: gcc -c -g  conftest.c >&5
configure:2080: $? = 0
configure:2084: test -z 
			 || test ! -s conftest.err
configure:2087: $? = 0
configure:2090: test -s conftest.o
configure:2093: $? = 0
configure:2104: result: yes
configure:2121: checking for gcc option to accept ANSI C
configure:2191: gcc  -c   conftest.c >&5
configure:2197: $? = 0
configure:2201: test -z 
			 || test ! -s conftest.err
configure:2204: $? = 0
configure:2207: test -s conftest.o
configure:2210: $? = 0
configure:2228: result: none needed
configure:2246: gcc -c   conftest.c >&5
conftest.c:2:3: error: unknown type name 'choke'
  choke me
  ^
conftest.c:2:11: error: expected ';' after top level declarator
  choke me
          ^
          ;
2 errors generated.
configure:2252: $? = 1
configure: failed program was:
| #ifndef __cplusplus
|   choke me
| #endif
configure:2386: checking for inline
configure:2407: gcc -c   conftest.c >&5
configure:2413: $? = 0
configure:2417: test -z 
			 || test ! -s conftest.err
configure:2420: $? = 0
configure:2423: test -s conftest.o
configure:2426: $? = 0
configure:2438: result: inline
configure:2472: checking how to run the C preprocessor
configure:2507: gcc -E  conftest.c
configure:2513: $? = 0
configure:2545: gcc -E  conftest.c
conftest.c:9:10: fatal error: 'ac_nonexistent.h' file not found
#include <ac_nonexistent.h>
         ^~~~~~~~~~~~~~~~~~
1 error generated.
configure:2551: $? = 1
configure: failed program was:
| /* confdefs.h.  */
| 
| #define PACKAGE_NAME "tcl"
| #define PACKAGE_TARNAME "tcl"
| #define PACKAGE_VERSION "8.6"
| #define PACKAGE_STRING "tcl 8.6"
| #define PACKAGE_BUGREPORT ""
| /* end confdefs.h.  */
| #include <ac_nonexistent.h>
configure:2590: result: gcc -E
configure:2614: gcc -E  conftest.c
configure:2620: $? = 0
configure:2652: gcc -E  conftest.c
conftest.c:9:10: fatal error: 'ac_nonexistent.h' file not found
#include <ac_nonexistent.h>
         ^~~~~~~~~~~~~~~~~~
1 error generated.
configure:2658: $? = 1
configure: failed program was:
| /* confdefs.h.  */
| 
| #define PACKAGE_NAME "tcl"
| #define PACKAGE_TARNAME "tcl"
| #define PACKAGE_VERSION "8.6"
| #define PACKAGE_STRING "tcl 8.6"
| #define PACKAGE_BUGREPORT ""
| /* end confdefs.h.  */
| #include <ac_nonexistent.h>
configure:2702: checking for egrep
configure:2712: result: grep -E
configure:2717: checking for ANSI C header files
configure:2742: gcc -c   conftest.c >&5
configure:2748: $? = 0
configure:2752: test -z 
			 || test ! -s conftest.err
configure:2755: $? = 0
configure:2758: test -s conftest.o
configure:2761: $? = 0
configure:2850: gcc -o conftest    conftest.c  >&5
conftest.c:26:7: warning: implicitly declaring library function 'exit' with type 'void (int) __attribute__((noreturn))' [-Wimplicit-function-declaration]
      exit(2);
      ^
conftest.c:26:7: note: include the header <stdlib.h> or explicitly provide a declaration for 'exit'
1 warning generated.
configure:2853: $? = 0
configure:2855: ./conftest
configure:2858: $? = 0
configure:2873: result: yes
configure:2897: checking for sys/types.h
configure:2913: gcc -c   conftest.c >&5
configure:2919: $? = 0
configure:2923: test -z 
			 || test ! -s conftest.err
configure:2926: $? = 0
configure:2929: test -s conftest.o
configure:2932: $? = 0
configure:2943: result: yes
configure:2897: checking for sys/stat.h
configure:2913: gcc -c   conftest.c >&5
configure:2919: $? = 0
configure:2923: test -z 
			 || test ! -s conftest.err
configure:2926: $? = 0
configure:2929: test -s conftest.o
configure:2932: $? = 0
configure:2943: result: yes
configure:2897: checking for stdlib.h
configure:2913: gcc -c   conftest.c >&5
configure:2919: $? = 0
configure:2923: test -z 
			 || test ! -s conftest.err
configure:2926: $? = 0
configure:2929: test -s conftest.o
configure:2932: $? = 0
configure:2943: result: yes
configure:2897: checking for string.h
configure:2913: gcc -c   conftest.c >&5
configure:2919: $? = 0
configure:2923: test -z 
			 || test ! -s conftest.err
configure:2926: $? = 0
configure:2929: test -s conftest.o
configure:2932: $? = 0
configure:2943: result: yes
configure:2897: checking for memory.h
configure:2913: gcc -c   conftest.c >&5
configure:2919: $? = 0
configure:2923: test -z 
			 || test ! -s conftest.err
configure:2926: $? = 0
configure:2929: test -s conftest.o
configure:2932: $? = 0
configure:2943: result: yes
configure:2897: checking for strings.h
configure:2913: gcc -c   conftest.c >&5
configure:2919: $? = 0
configure:2923: test -z 
			 || test ! -s conftest.err
configure:2926: $? = 0
configure:2929: test -s conftest.o
configure:2932: $? = 0
configure:2943: result: yes
configure:2897: checking for inttypes.h
configure:2913: gcc -c   conftest.c >&5
configure:2919: $? = 0
configure:2923: test -z 
			 || test ! -s conftest.err
configure:2926: $? = 0
configure:2929: test -s conftest.o
configure:2932: $? = 0
configure:2943: result: yes
configure:2897: checking for stdint.h
configure:2913: gcc -c   conftest.c >&5
configure:2919: $? = 0
configure:2923: test -z 
			 || test ! -s conftest.err
configure:2926: $? = 0
configure:2929: test -s conftest.o
configure:2932: $? = 0
configure:2943: result: yes
configure:2897: checking for unistd.h
configure:2913: gcc -c   conftest.c >&5
configure:2919: $? = 0
configure:2923: test -z 
			 || test ! -s conftest.err
configure:2926: $? = 0
configure:2929: test -s conftest.o
configure:2932: $? = 0
configure:2943: result: yes
configure:2956: checking dirent.h
configure:2997: gcc -o conftest    conftest.c  >&5
configure:3003: $? = 0
configure:3007: test -z 
			 || test ! -s conftest.err
configure:3010: $? = 0
configure:3013: test -s conftest
configure:3016: $? = 0
configure:3028: result: yes
configure:3049: checking float.h usability
configure:3061: gcc -c   conftest.c >&5
configure:3067: $? = 0
configure:3071: test -z 
			 || test ! -s conftest.err
configure:3074: $? = 0
configure:3077: test -s conftest.o
configure:3080: $? = 0
configure:3090: result: yes
configure:3094: checking float.h presence
configure:3104: gcc -E  conftest.c
configure:3110: $? = 0
configure:3130: result: yes
configure:3165: checking for float.h
configure:3172: result: yes
configure:3197: checking values.h usability
configure:3209: gcc -c   conftest.c >&5
conftest.c:53:10: fatal error: 'values.h' file not found
#include <values.h>
         ^~~~~~~~~~
1 error generated.
configure:3215: $? = 1
configure: failed program was:
| /* confdefs.h.  */
| 
| #define PACKAGE_NAME "tcl"
| #define PACKAGE_TARNAME "tcl"
| #define PACKAGE_VERSION "8.6"
| #define PACKAGE_STRING "tcl 8.6"
| #define PACKAGE_BUGREPORT ""
| #define STDC_HEADERS 1
| #define HAVE_SYS_TYPES_H 1
| #define HAVE_SYS_STAT_H 1
| #define HAVE_STDLIB_H 1
| #define HAVE_STRING_H 1
| #define HAVE_MEMORY_H 1
| #define HAVE_STRINGS_H 1
| #define HAVE_INTTYPES_H 1
| #define HAVE_STDINT_H 1
| #define HAVE_UNISTD_H 1
| /* end confdefs.h.  */
| #include <stdio.h>
| #if HAVE_SYS_TYPES_H
| # include <sys/types.h>
| #endif
| #if HAVE_SYS_STAT_H
| # include <sys/stat.h>
| #endif
| #if STDC_HEADERS
| # include <stdlib.h>
| # include <stddef.h>
| #else
| # if HAVE_STDLIB_H
| #  include <stdlib.h>
| # endif
| #endif
| #if HAVE_STRING_H
| # if !STDC_HEADERS && HAVE_MEMORY_H
| #  include <memory.h>
| # endif
| # include <string.h>
| #endif
| #if HAVE_STRINGS_H
| # include <strings.h>
| #endif
| #if HAVE_INTTYPES_H
| # include <inttypes.h>
| #else
| # if HAVE_STDINT_H
| #  include <stdint.h>
| # endif
| #endif
| #if HAVE_UNISTD_H
| # include <unistd.h>
| #endif
| #include <values.h>
configure:3238: result: no
configure:3242: checking values.h presence
configure:3252: gcc -E  conftest.c
conftest.c:19:10: fatal error: 'values.h' file not found
#include <values.h>
         ^~~~~~~~~~
1 error generated.
configure:3258: $? = 1
configure: failed program was:
| /* confdefs.h.  */
| 
| #define PACKAGE_NAME "tcl"
| #define PACKAGE_TARNAME "tcl"
| #define PACKAGE_VERSION "8.6"
| #define PACKAGE_STRING "tcl 8.6"
| #define PACKAGE_BUGREPORT ""
| #define STDC_HEADERS 1
| #define HAVE_SYS_TYPES_H 1
| #define HAVE_SYS_STAT_H 1
| #define HAVE_STDLIB_H 1
| #define HAVE_STRING_H 1
| #define HAVE_MEMORY_H 1
| #define HAVE_STRINGS_H 1
| #define HAVE_INTTYPES_H 1
| #define HAVE_STDINT_H 1
| #define HAVE_UNISTD_H 1
| /* end confdefs.h.  */
| #include <values.h>
configure:3278: result: no
configure:3313: checking for values.h
configure:3320: result: no
configure:3336: checking for stdlib.h
configure:3341: result: yes
configure:3538: checking for string.h
configure:3543: result: yes
configure:3737: checking sys/wait.h usability
configure:3749: gcc -c   conftest.c >&5
configure:3755: $? = 0
configure:3759: test -z 
			 || test ! -s conftest.err
configure:3762: $? = 0
configure:3765: test -s conftest.o
configure:3768: $? = 0
configure:3778: result: yes
configure:3782: checking sys/wait.h presence
configure:3792: gcc -E  conftest.c
configure:3798: $? = 0
configure:3818: result: yes
configure:3853: checking for sys/wait.h
configure:3860: result: yes
configure:3885: checking dlfcn.h usability
configure:3897: gcc -c   conftest.c >&5
configure:3903: $? = 0
configure:3907: test -z 
			 || test ! -s conftest.err
configure:3910: $? = 0
configure:3913: test -s conftest.o
configure:3916: $? = 0
configure:3926: result: yes
configure:3930: checking dlfcn.h presence
configure:3940: gcc -E  conftest.c
configure:3946: $? = 0
configure:3966: result: yes
configure:4001: checking for dlfcn.h
configure:4008: result: yes
configure:4039: checking sys/param.h usability
configure:4051: gcc -c   conftest.c >&5
configure:4057: $? = 0
configure:4061: test -z 
			 || test ! -s conftest.err
configure:4064: $? = 0
configure:4067: test -s conftest.o
configure:4070: $? = 0
configure:4080: result: yes
configure:4084: checking sys/param.h presence
configure:4094: gcc -E  conftest.c
configure:4100: $? = 0
configure:4120: result: yes
configure:4155: checking for sys/param.h
configure:4162: result: yes
configure:4189: checking if the compiler understands -pipe
configure:4212: gcc -c  -pipe  conftest.c >&5
configure:4218: $? = 0
configure:4222: test -z 
			 || test ! -s conftest.err
configure:4225: $? = 0
configure:4228: test -s conftest.o
configure:4231: $? = 0
configure:4243: result: yes
configure:4293: checking for pthread_mutex_init in -lpthread
configure:4323: gcc -o conftest  -pipe   conftest.c -lpthread   >&5
configure:4329: $? = 0
configure:4333: test -z 
			 || test ! -s conftest.err
configure:4336: $? = 0
configure:4339: test -s conftest
configure:4342: $? = 0
configure:4355: result: yes
configure:4682: checking for pthread_attr_setstacksize
configure:4739: gcc -o conftest  -pipe   conftest.c   -lpthread >&5
configure:4745: $? = 0
configure:4749: test -z 
			 || test ! -s conftest.err
configure:4752: $? = 0
configure:4755: test -s conftest
configure:4758: $? = 0
configure:4770: result: yes
configure:4682: checking for pthread_atfork
configure:4739: gcc -o conftest  -pipe   conftest.c   -lpthread >&5
configure:4745: $? = 0
configure:4749: test -z 
			 || test ! -s conftest.err
configure:4752: $? = 0
configure:4755: test -s conftest
configure:4758: $? = 0
configure:4770: result: yes
configure:4785: checking for building with threads
configure:4797: result: yes
configure:4847: checking for sin
configure:4904: gcc -o conftest  -pipe   conftest.c  >&5
conftest.c:52:6: warning: incompatible redeclaration of library function 'sin' [-Wincompatible-library-redeclaration]
char sin ();
     ^
conftest.c:52:6: note: 'sin' is a builtin with type 'double (double)'
1 warning generated.
configure:4910: $? = 0
configure:4914: test -z 
			 || test ! -s conftest.err
configure:4917: $? = 0
configure:4920: test -s conftest
configure:4923: $? = 0
configure:4935: result: yes
configure:4943: checking for main in -lieee
configure:4967: gcc -o conftest  -pipe   conftest.c -lieee   >&5
ld: library not found for -lieee
clang: error: linker command failed with exit code 1 (use -v to see invocation)
configure:4973: $? = 1
configure: failed program was:
| /* confdefs.h.  */
| 
| #define PACKAGE_NAME "tcl"
| #define PACKAGE_TARNAME "tcl"
| #define PACKAGE_VERSION "8.6"
| #define PACKAGE_STRING "tcl 8.6"
| #define PACKAGE_BUGREPORT ""
| #define STDC_HEADERS 1
| #define HAVE_SYS_TYPES_H 1
| #define HAVE_SYS_STAT_H 1
| #define HAVE_STDLIB_H 1
| #define HAVE_STRING_H 1
| #define HAVE_MEMORY_H 1
| #define HAVE_STRINGS_H 1
| #define HAVE_INTTYPES_H 1
| #define HAVE_STDINT_H 1
| #define HAVE_UNISTD_H 1
| #define NO_VALUES_H 1
| #define HAVE_SYS_PARAM_H 1
| #define USE_THREAD_ALLOC 1
| #define _REENTRANT 1
| #define _THREAD_SAFE 1
| #define HAVE_PTHREAD_ATTR_SETSTACKSIZE 1
| #define HAVE_PTHREAD_ATFORK 1
| #define TCL_THREADS 1
| #define TCL_CFGVAL_ENCODING "iso8859-1"
| /* end confdefs.h.  */
| 
| 
| int
| main ()
| {
| main ();
|   ;
|   return 0;
| }
configure:4999: result: no
configure:5011: checking for main in -linet
configure:5035: gcc -o conftest  -pipe   conftest.c -linet   >&5
ld: library not found for -linet
clang: error: linker command failed with exit code 1 (use -v to see invocation)
configure:5041: $? = 1
configure: failed program was:
| /* confdefs.h.  */
| 
| #define PACKAGE_NAME "tcl"
| #define PACKAGE_TARNAME "tcl"
| #define PACKAGE_VERSION "8.6"
| #define PACKAGE_STRING "tcl 8.6"
| #define PACKAGE_BUGREPORT ""
| #define STDC_HEADERS 1
| #define HAVE_SYS_TYPES_H 1
| #define HAVE_SYS_STAT_H 1
| #define HAVE_STDLIB_H 1
| #define HAVE_STRING_H 1
| #define HAVE_MEMORY_H 1
| #define HAVE_STRINGS_H 1
| #define HAVE_INTTYPES_H 1
| #define HAVE_STDINT_H 1
| #define HAVE_UNISTD_H 1
| #define NO_VALUES_H 1
| #define HAVE_SYS_PARAM_H 1
| #define USE_THREAD_ALLOC 1
| #define _REENTRANT 1
| #define _THREAD_SAFE 1
| #define HAVE_PTHREAD_ATTR_SETSTACKSIZE 1
| #define HAVE_PTHREAD_ATFORK 1
| #define TCL_THREADS 1
| #define TCL_CFGVAL_ENCODING "iso8859-1"
| /* end confdefs.h.  */
| 
| 
| int
| main ()
| {
| main ();
|   ;
|   return 0;
| }
configure:5067: result: no
configure:5083: checking net/errno.h usability
configure:5095: gcc -c  -pipe  conftest.c >&5
conftest.c:62:10: fatal error: 'net/errno.h' file not found
#include <net/errno.h>
         ^~~~~~~~~~~~~
1 error generated.
configure:5101: $? = 1
configure: failed program was:
| /* confdefs.h.  */
| 
| #define PACKAGE_NAME "tcl"
| #define PACKAGE_TARNAME "tcl"
| #define PACKAGE_VERSION "8.6"
| #define PACKAGE_STRING "tcl 8.6"
| #define PACKAGE_BUGREPORT ""
| #define STDC_HEADERS 1
| #define HAVE_SYS_TYPES_H 1
| #define HAVE_SYS_STAT_H 1
| #define HAVE_STDLIB_H 1
| #define HAVE_STRING_H 1
| #define HAVE_MEMORY_H 1
| #define HAVE_STRINGS_H 1
| #define HAVE_INTTYPES_H 1
| #define HAVE_STDINT_H 1
| #define HAVE_UNISTD_H 1
| #define NO_VALUES_H 1
| #define HAVE_SYS_PARAM_H 1
| #define USE_THREAD_ALLOC 1
| #define _REENTRANT 1
| #define _THREAD_SAFE 1
| #define HAVE_PTHREAD_ATTR_SETSTACKSIZE 1
| #define HAVE_PTHREAD_ATFORK 1
| #define TCL_THREADS 1
| #define TCL_CFGVAL_ENCODING "iso8859-1"
| /* end confdefs.h.  */
| #include <stdio.h>
| #if HAVE_SYS_TYPES_H
| # include <sys/types.h>
| #endif
| #if HAVE_SYS_STAT_H
| # include <sys/stat.h>
| #endif
| #if STDC_HEADERS
| # include <stdlib.h>
| # include <stddef.h>
| #else
| # if HAVE_STDLIB_H
| #  include <stdlib.h>
| # endif
| #endif
| #if HAVE_STRING_H
| # if !STDC_HEADERS && HAVE_MEMORY_H
| #  include <memory.h>
| # endif
| # include <string.h>
| #endif
| #if HAVE_STRINGS_H
| # include <strings.h>
| #endif
| #if HAVE_INTTYPES_H
| # include <inttypes.h>
| #else
| # if HAVE_STDINT_H
| #  include <stdint.h>
| # endif
| #endif
| #if HAVE_UNISTD_H
| # include <unistd.h>
| #endif
| #include <net/errno.h>
configure:5124: result: no
configure:5128: checking net/errno.h presence
configure:5138: gcc -E  conftest.c
conftest.c:28:10: fatal error: 'net/errno.h' file not found
#include <net/errno.h>
         ^~~~~~~~~~~~~
1 error generated.
configure:5144: $? = 1
configure: failed program was:
| /* confdefs.h.  */
| 
| #define PACKAGE_NAME "tcl"
| #define PACKAGE_TARNAME "tcl"
| #define PACKAGE_VERSION "8.6"
| #define PACKAGE_STRING "tcl 8.6"
| #define PACKAGE_BUGREPORT ""
| #define STDC_HEADERS 1
| #define HAVE_SYS_TYPES_H 1
| #define HAVE_SYS_STAT_H 1
| #define HAVE_STDLIB_H 1
| #define HAVE_STRING_H 1
| #define HAVE_MEMORY_H 1
| #define HAVE_STRINGS_H 1
| #define HAVE_INTTYPES_H 1
| #define HAVE_STDINT_H 1
| #define HAVE_UNISTD_H 1
| #define NO_VALUES_H 1
| #define HAVE_SYS_PARAM_H 1
| #define USE_THREAD_ALLOC 1
| #define _REENTRANT 1
| #define _THREAD_SAFE 1
| #define HAVE_PTHREAD_ATTR_SETSTACKSIZE 1
| #define HAVE_PTHREAD_ATFORK 1
| #define TCL_THREADS 1
| #define TCL_CFGVAL_ENCODING "iso8859-1"
| /* end confdefs.h.  */
| #include <net/errno.h>
configure:5164: result: no
configure:5199: checking for net/errno.h
configure:5206: result: no
configure:5240: checking for connect
configure:5297: gcc -o conftest  -pipe   conftest.c  >&5
configure:5303: $? = 0
configure:5307: test -z 
			 || test ! -s conftest.err
configure:5310: $? = 0
configure:5313: test -s conftest
configure:5316: $? = 0
configure:5328: result: yes
configure:5603: checking for gethostbyname
configure:5660: gcc -o conftest  -pipe   conftest.c  >&5
configure:5666: $? = 0
configure:5670: test -z 
			 || test ! -s conftest.err
configure:5673: $? = 0
configure:5676: test -s conftest
configure:5679: $? = 0
configure:5691: result: yes
configure:5772: checking how to build libraries
configure:5790: result: shared
configure:5812: checking for tclsh
configure:5836: result: /usr/bin/tclsh8.5
configure:5865: checking zlib.h usability
configure:5877: gcc -c  -pipe  conftest.c >&5
configure:5883: $? = 0
configure:5887: test -z 
			 || test ! -s conftest.err
configure:5890: $? = 0
configure:5893: test -s conftest.o
configure:5896: $? = 0
configure:5906: result: yes
configure:5910: checking zlib.h presence
configure:5920: gcc -E  conftest.c
configure:5926: $? = 0
configure:5946: result: yes
configure:5981: checking for zlib.h
configure:5988: result: yes
configure:5994: checking for gz_header
configure:6019: gcc -c  -pipe  conftest.c >&5
configure:6025: $? = 0
configure:6029: test -z 
			 || test ! -s conftest.err
configure:6032: $? = 0
configure:6035: test -s conftest.o
configure:6038: $? = 0
configure:6049: result: yes
configure:6065: checking for library containing deflateSetHeader
configure:6095: gcc -o conftest  -pipe   conftest.c  -lpthread >&5
Undefined symbols for architecture x86_64:
  "_deflateSetHeader", referenced from:
      _main in conftest-f7adc7.o
ld: symbol(s) not found for architecture x86_64
clang: error: linker command failed with exit code 1 (use -v to see invocation)
configure:6101: $? = 1
configure: failed program was:
| /* confdefs.h.  */
| 
| #define PACKAGE_NAME "tcl"
| #define PACKAGE_TARNAME "tcl"
| #define PACKAGE_VERSION "8.6"
| #define PACKAGE_STRING "tcl 8.6"
| #define PACKAGE_BUGREPORT ""
| #define STDC_HEADERS 1
| #define HAVE_SYS_TYPES_H 1
| #define HAVE_SYS_STAT_H 1
| #define HAVE_STDLIB_H 1
| #define HAVE_STRING_H 1
| #define HAVE_MEMORY_H 1
| #define HAVE_STRINGS_H 1
| #define HAVE_INTTYPES_H 1
| #define HAVE_STDINT_H 1
| #define HAVE_UNISTD_H 1
| #define NO_VALUES_H 1
| #define HAVE_SYS_PARAM_H 1
| #define USE_THREAD_ALLOC 1
| #define _REENTRANT 1
| #define _THREAD_SAFE 1
| #define HAVE_PTHREAD_ATTR_SETSTACKSIZE 1
| #define HAVE_PTHREAD_ATFORK 1
| #define TCL_THREADS 1
| #define TCL_CFGVAL_ENCODING "iso8859-1"
| /* end confdefs.h.  */
| 
| /* Override any gcc2 internal prototype to avoid an error.  */
| #ifdef __cplusplus
| extern "C"
| #endif
| /* We use char because int might match the return type of a gcc2
|    builtin and then its argument prototype would still apply.  */
| char deflateSetHeader ();
| int
| main ()
| {
| deflateSetHeader ();
|   ;
|   return 0;
| }
configure:6150: gcc -o conftest  -pipe   conftest.c -lz   -lpthread >&5
configure:6156: $? = 0
configure:6160: test -z 
			 || test ! -s conftest.err
configure:6163: $? = 0
configure:6166: test -s conftest
configure:6169: $? = 0
configure:6184: result: -lz
configure:6261: checking for ranlib
configure:6277: found /usr/bin/ranlib
configure:6288: result: ranlib
configure:6304: checking if 64bit support is requested
configure:6313: result: no
configure:6318: checking if 64bit Sparc VIS support is requested
configure:6327: result: no
configure:6338: checking if compiler supports visibility "hidden"
configure:6363: gcc -o conftest  -pipe -Werror   conftest.c -lz  -lpthread >&5
configure:6369: $? = 0
configure:6373: test -z 
			 || test ! -s conftest.err
configure:6376: $? = 0
configure:6379: test -s conftest
configure:6382: $? = 0
configure:6395: result: yes
configure:6415: checking if rpath support is requested
configure:6424: result: yes
configure:6431: checking system version
configure:6459: result: Darwin-17.2.0
configure:6467: checking for dlopen in -ldl
configure:6497: gcc -o conftest  -pipe   conftest.c -ldl  -lz  -lpthread >&5
configure:6503: $? = 0
configure:6507: test -z 
			 || test ! -s conftest.err
configure:6510: $? = 0
configure:6513: test -s conftest
configure:6516: $? = 0
configure:6529: result: yes
configure:6610: checking for ar
configure:6626: found /usr/bin/ar
configure:6636: result: ar
configure:7776: checking if ld accepts -single_module flag
configure:7800: gcc -o conftest -pipe     -dynamiclib -Wl,-single_module conftest.c -lz  -lpthread >&5
configure:7806: $? = 0
configure:7810: test -z 
			 || test ! -s conftest.err
configure:7813: $? = 0
configure:7816: test -s conftest
configure:7819: $? = 0
configure:7832: result: yes
configure:7851: checking if ld accepts -search_paths_first flag
configure:7875: gcc -o conftest -pipe     -prebind -headerpad_max_install_names -Wl,-search_paths_first conftest.c -lz  -lpthread >&5
configure:7881: $? = 0
configure:7885: test -z 
			 || test ! -s conftest.err
configure:7888: $? = 0
configure:7891: test -s conftest
configure:7894: $? = 0
configure:7907: result: yes
configure:7935: checking whether to use CoreFoundation
configure:7944: result: yes
configure:7948: checking for CoreFoundation.framework
configure:7983: gcc -o conftest -pipe     -prebind -headerpad_max_install_names -Wl,-search_paths_first conftest.c -lz  -lpthread -framework CoreFoundation >&5
configure:7989: $? = 0
configure:7993: test -z 
			 || test ! -s conftest.err
configure:7996: $? = 0
configure:7999: test -s conftest
configure:8002: $? = 0
configure:8022: result: yes
configure:8879: checking for cast to union support
configure:8903: gcc -c -pipe    conftest.c >&5
configure:8909: $? = 0
configure:8913: test -z 
			 || test ! -s conftest.err
configure:8916: $? = 0
configure:8919: test -s conftest.o
configure:8922: $? = 0
configure:8934: result: yes
configure:8986: checking for build with symbols
configure:9016: result: yes (standard debugging)
configure:9071: checking for required early compiler flags
configure:9094: gcc -c -pipe    conftest.c >&5
configure:9100: $? = 0
configure:9104: test -z 
			 || test ! -s conftest.err
configure:9107: $? = 0
configure:9110: test -s conftest.o
configure:9113: $? = 0
configure:9199: gcc -c -pipe    conftest.c >&5
conftest.c:41:28: warning: 'stat64' is deprecated: first deprecated in macOS 10.6 [-Wdeprecated-declarations]
struct stat64 buf; int i = stat64("/", &buf);
                           ^
/usr/include/sys/stat.h:402:5: note: 'stat64' has been explicitly marked deprecated here
int     stat64(const char *, struct stat64 *) __OSX_AVAILABLE_BUT_DEPRECATED(__MAC_10_5,__MAC_10_6,__IPHONE_NA,__IPHONE_NA);
        ^
1 warning generated.
configure:9205: $? = 0
configure:9209: test -z 
			 || test ! -s conftest.err
configure:9212: $? = 0
configure:9215: test -s conftest.o
configure:9218: $? = 0
configure:9304: gcc -c -pipe    conftest.c >&5
conftest.c:41:19: error: use of undeclared identifier 'open64'
char *p = (char *)open64;
                  ^
1 error generated.
configure:9310: $? = 1
configure: failed program was:
| /* confdefs.h.  */
| 
| #define PACKAGE_NAME "tcl"
| #define PACKAGE_TARNAME "tcl"
| #define PACKAGE_VERSION "8.6"
| #define PACKAGE_STRING "tcl 8.6"
| #define PACKAGE_BUGREPORT ""
| #define STDC_HEADERS 1
| #define HAVE_SYS_TYPES_H 1
| #define HAVE_SYS_STAT_H 1
| #define HAVE_STDLIB_H 1
| #define HAVE_STRING_H 1
| #define HAVE_MEMORY_H 1
| #define HAVE_STRINGS_H 1
| #define HAVE_INTTYPES_H 1
| #define HAVE_STDINT_H 1
| #define HAVE_UNISTD_H 1
| #define NO_VALUES_H 1
| #define HAVE_SYS_PARAM_H 1
| #define USE_THREAD_ALLOC 1
| #define _REENTRANT 1
| #define _THREAD_SAFE 1
| #define HAVE_PTHREAD_ATTR_SETSTACKSIZE 1
| #define HAVE_PTHREAD_ATFORK 1
| #define TCL_THREADS 1
| #define TCL_CFGVAL_ENCODING "iso8859-1"
| #define HAVE_ZLIB 1
| #define MODULE_SCOPE extern __attribute__((__visibility__("hidden")))
| #define HAVE_HIDDEN 1
| #define MAC_OSX_TCL 1
| #define HAVE_COREFOUNDATION 1
| #define HAVE_CAST_TO_UNION 1
| #define TCL_SHLIB_EXT ".dylib"
| #define TCL_TOMMATH 1
| #define MP_PREC 4
| /* end confdefs.h.  */
| #include <sys/stat.h>
| int
| main ()
| {
| char *p = (char *)open64;
|   ;
|   return 0;
| }
configure:9347: gcc -c -pipe    conftest.c >&5
conftest.c:42:19: error: use of undeclared identifier 'open64'
char *p = (char *)open64;
                  ^
1 error generated.
configure:9353: $? = 1
configure: failed program was:
| /* confdefs.h.  */
| 
| #define PACKAGE_NAME "tcl"
| #define PACKAGE_TARNAME "tcl"
| #define PACKAGE_VERSION "8.6"
| #define PACKAGE_STRING "tcl 8.6"
| #define PACKAGE_BUGREPORT ""
| #define STDC_HEADERS 1
| #define HAVE_SYS_TYPES_H 1
| #define HAVE_SYS_STAT_H 1
| #define HAVE_STDLIB_H 1
| #define HAVE_STRING_H 1
| #define HAVE_MEMORY_H 1
| #define HAVE_STRINGS_H 1
| #define HAVE_INTTYPES_H 1
| #define HAVE_STDINT_H 1
| #define HAVE_UNISTD_H 1
| #define NO_VALUES_H 1
| #define HAVE_SYS_PARAM_H 1
| #define USE_THREAD_ALLOC 1
| #define _REENTRANT 1
| #define _THREAD_SAFE 1
| #define HAVE_PTHREAD_ATTR_SETSTACKSIZE 1
| #define HAVE_PTHREAD_ATFORK 1
| #define TCL_THREADS 1
| #define TCL_CFGVAL_ENCODING "iso8859-1"
| #define HAVE_ZLIB 1
| #define MODULE_SCOPE extern __attribute__((__visibility__("hidden")))
| #define HAVE_HIDDEN 1
| #define MAC_OSX_TCL 1
| #define HAVE_COREFOUNDATION 1
| #define HAVE_CAST_TO_UNION 1
| #define TCL_SHLIB_EXT ".dylib"
| #define TCL_TOMMATH 1
| #define MP_PREC 4
| /* end confdefs.h.  */
| #define _LARGEFILE_SOURCE64 1
| #include <sys/stat.h>
| int
| main ()
| {
| char *p = (char *)open64;
|   ;
|   return 0;
| }
configure:9390: result: none
configure:9399: checking for 64-bit integer type
configure:9423: gcc -c -pipe    conftest.c >&5
conftest.c:41:1: error: use of undeclared identifier '__int64'
__int64 value = (__int64) 0;
^
1 error generated.
configure:9429: $? = 1
configure: failed program was:
| /* confdefs.h.  */
| 
| #define PACKAGE_NAME "tcl"
| #define PACKAGE_TARNAME "tcl"
| #define PACKAGE_VERSION "8.6"
| #define PACKAGE_STRING "tcl 8.6"
| #define PACKAGE_BUGREPORT ""
| #define STDC_HEADERS 1
| #define HAVE_SYS_TYPES_H 1
| #define HAVE_SYS_STAT_H 1
| #define HAVE_STDLIB_H 1
| #define HAVE_STRING_H 1
| #define HAVE_MEMORY_H 1
| #define HAVE_STRINGS_H 1
| #define HAVE_INTTYPES_H 1
| #define HAVE_STDINT_H 1
| #define HAVE_UNISTD_H 1
| #define NO_VALUES_H 1
| #define HAVE_SYS_PARAM_H 1
| #define USE_THREAD_ALLOC 1
| #define _REENTRANT 1
| #define _THREAD_SAFE 1
| #define HAVE_PTHREAD_ATTR_SETSTACKSIZE 1
| #define HAVE_PTHREAD_ATFORK 1
| #define TCL_THREADS 1
| #define TCL_CFGVAL_ENCODING "iso8859-1"
| #define HAVE_ZLIB 1
| #define MODULE_SCOPE extern __attribute__((__visibility__("hidden")))
| #define HAVE_HIDDEN 1
| #define MAC_OSX_TCL 1
| #define HAVE_COREFOUNDATION 1
| #define HAVE_CAST_TO_UNION 1
| #define TCL_SHLIB_EXT ".dylib"
| #define TCL_TOMMATH 1
| #define MP_PREC 4
| /* end confdefs.h.  */
| 
| int
| main ()
| {
| __int64 value = (__int64) 0;
|   ;
|   return 0;
| }
configure:9473: gcc -c -pipe    conftest.c >&5
conftest.c:42:26: error: duplicate case value '1'
            case 1: case (sizeof(long long)==sizeof(long)): ;
                         ^
conftest.c:42:18: note: previous case defined here
            case 1: case (sizeof(long long)==sizeof(long)): ;
                 ^
1 error generated.
configure:9479: $? = 1
configure: failed program was:
| /* confdefs.h.  */
| 
| #define PACKAGE_NAME "tcl"
| #define PACKAGE_TARNAME "tcl"
| #define PACKAGE_VERSION "8.6"
| #define PACKAGE_STRING "tcl 8.6"
| #define PACKAGE_BUGREPORT ""
| #define STDC_HEADERS 1
| #define HAVE_SYS_TYPES_H 1
| #define HAVE_SYS_STAT_H 1
| #define HAVE_STDLIB_H 1
| #define HAVE_STRING_H 1
| #define HAVE_MEMORY_H 1
| #define HAVE_STRINGS_H 1
| #define HAVE_INTTYPES_H 1
| #define HAVE_STDINT_H 1
| #define HAVE_UNISTD_H 1
| #define NO_VALUES_H 1
| #define HAVE_SYS_PARAM_H 1
| #define USE_THREAD_ALLOC 1
| #define _REENTRANT 1
| #define _THREAD_SAFE 1
| #define HAVE_PTHREAD_ATTR_SETSTACKSIZE 1
| #define HAVE_PTHREAD_ATFORK 1
| #define TCL_THREADS 1
| #define TCL_CFGVAL_ENCODING "iso8859-1"
| #define HAVE_ZLIB 1
| #define MODULE_SCOPE extern __attribute__((__visibility__("hidden")))
| #define HAVE_HIDDEN 1
| #define MAC_OSX_TCL 1
| #define HAVE_COREFOUNDATION 1
| #define HAVE_CAST_TO_UNION 1
| #define TCL_SHLIB_EXT ".dylib"
| #define TCL_TOMMATH 1
| #define MP_PREC 4
| /* end confdefs.h.  */
| 
| int
| main ()
| {
| switch (0) {
|             case 1: case (sizeof(long long)==sizeof(long)): ;
|         }
|   ;
|   return 0;
| }
configure:9509: result: using long
configure:9826: checking whether byte ordering is bigendian
configure:9853: gcc -c -pipe    conftest.c >&5
configure:9859: $? = 0
configure:9863: test -z 
			 || test ! -s conftest.err
configure:9866: $? = 0
configure:9869: test -s conftest.o
configure:9872: $? = 0
configure:9896: gcc -c -pipe    conftest.c >&5
conftest.c:45:2: error: use of undeclared identifier 'not'
 not big endian
 ^
1 error generated.
configure:9902: $? = 1
configure: failed program was:
| /* confdefs.h.  */
| 
| #define PACKAGE_NAME "tcl"
| #define PACKAGE_TARNAME "tcl"
| #define PACKAGE_VERSION "8.6"
| #define PACKAGE_STRING "tcl 8.6"
| #define PACKAGE_BUGREPORT ""
| #define STDC_HEADERS 1
| #define HAVE_SYS_TYPES_H 1
| #define HAVE_SYS_STAT_H 1
| #define HAVE_STDLIB_H 1
| #define HAVE_STRING_H 1
| #define HAVE_MEMORY_H 1
| #define HAVE_STRINGS_H 1
| #define HAVE_INTTYPES_H 1
| #define HAVE_STDINT_H 1
| #define HAVE_UNISTD_H 1
| #define NO_VALUES_H 1
| #define HAVE_SYS_PARAM_H 1
| #define USE_THREAD_ALLOC 1
| #define _REENTRANT 1
| #define _THREAD_SAFE 1
| #define HAVE_PTHREAD_ATTR_SETSTACKSIZE 1
| #define HAVE_PTHREAD_ATFORK 1
| #define TCL_THREADS 1
| #define TCL_CFGVAL_ENCODING "iso8859-1"
| #define HAVE_ZLIB 1
| #define MODULE_SCOPE extern __attribute__((__visibility__("hidden")))
| #define HAVE_HIDDEN 1
| #define MAC_OSX_TCL 1
| #define HAVE_COREFOUNDATION 1
| #define HAVE_CAST_TO_UNION 1
| #define TCL_SHLIB_EXT ".dylib"
| #define TCL_TOMMATH 1
| #define MP_PREC 4
| #define TCL_WIDE_INT_IS_LONG 1
| /* end confdefs.h.  */
| #include <sys/types.h>
| #include <sys/param.h>
| 
| int
| main ()
| {
| #if BYTE_ORDER != BIG_ENDIAN
|  not big endian
| #endif
| 
|   ;
|   return 0;
| }
configure:10037: result: no
configure:10067: checking for getcwd
configure:10124: gcc -o conftest -pipe     -prebind -headerpad_max_install_names -Wl,-search_paths_first  conftest.c -lz  -lpthread -framework CoreFoundation >&5
configure:10130: $? = 0
configure:10134: test -z 
			 || test ! -s conftest.err
configure:10137: $? = 0
configure:10140: test -s conftest
configure:10143: $? = 0
configure:10155: result: yes
configure:10181: checking for mkstemp
configure:10238: gcc -o conftest -pipe     -prebind -headerpad_max_install_names -Wl,-search_paths_first  conftest.c -lz  -lpthread -framework CoreFoundation >&5
configure:10244: $? = 0
configure:10248: test -z 
			 || test ! -s conftest.err
configure:10251: $? = 0
configure:10254: test -s conftest
configure:10257: $? = 0
configure:10269: result: yes
configure:10181: checking for opendir
configure:10238: gcc -o conftest -pipe     -prebind -headerpad_max_install_names -Wl,-search_paths_first  conftest.c -lz  -lpthread -framework CoreFoundation >&5
configure:10244: $? = 0
configure:10248: test -z 
			 || test ! -s conftest.err
configure:10251: $? = 0
configure:10254: test -s conftest
configure:10257: $? = 0
configure:10269: result: yes
configure:10181: checking for strtol
configure:10238: gcc -o conftest -pipe     -prebind -headerpad_max_install_names -Wl,-search_paths_first  conftest.c -lz  -lpthread -framework CoreFoundation >&5
configure:10244: $? = 0
configure:10248: test -z 
			 || test ! -s conftest.err
configure:10251: $? = 0
configure:10254: test -s conftest
configure:10257: $? = 0
configure:10269: result: yes
configure:10181: checking for waitpid
configure:10238: gcc -o conftest -pipe     -prebind -headerpad_max_install_names -Wl,-search_paths_first  conftest.c -lz  -lpthread -framework CoreFoundation >&5
configure:10244: $? = 0
configure:10248: test -z 
			 || test ! -s conftest.err
configure:10251: $? = 0
configure:10254: test -s conftest
configure:10257: $? = 0
configure:10269: result: yes
configure:10289: checking for strerror
configure:10346: gcc -o conftest -pipe     -prebind -headerpad_max_install_names -Wl,-search_paths_first  conftest.c -lz  -lpthread -framework CoreFoundation >&5
conftest.c:67:6: warning: incompatible redeclaration of library function 'strerror' [-Wincompatible-library-redeclaration]
char strerror ();
     ^
conftest.c:67:6: note: 'strerror' is a builtin with type 'char *(int)'
1 warning generated.
configure:10352: $? = 0
configure:10356: test -z 
			 || test ! -s conftest.err
configure:10359: $? = 0
configure:10362: test -s conftest
configure:10365: $? = 0
configure:10377: result: yes
configure:10389: checking for getwd
configure:10446: gcc -o conftest -pipe     -prebind -headerpad_max_install_names -Wl,-search_paths_first  conftest.c -lz  -lpthread -framework CoreFoundation >&5
configure:10452: $? = 0
configure:10456: test -z 
			 || test ! -s conftest.err
configure:10459: $? = 0
configure:10462: test -s conftest
configure:10465: $? = 0
configure:10477: result: yes
configure:10489: checking for wait3
configure:10546: gcc -o conftest -pipe     -prebind -headerpad_max_install_names -Wl,-search_paths_first  conftest.c -lz  -lpthread -framework CoreFoundation >&5
configure:10552: $? = 0
configure:10556: test -z 
			 || test ! -s conftest.err
configure:10559: $? = 0
configure:10562: test -s conftest
configure:10565: $? = 0
configure:10577: result: yes
configure:10589: checking for uname
configure:10646: gcc -o conftest -pipe     -prebind -headerpad_max_install_names -Wl,-search_paths_first  conftest.c -lz  -lpthread -framework CoreFoundation >&5
configure:10652: $? = 0
configure:10656: test -z 
			 || test ! -s conftest.err
configure:10659: $? = 0
configure:10662: test -s conftest
configure:10665: $? = 0
configure:10677: result: yes
configure:10696: checking for realpath
configure:10753: gcc -o conftest -pipe     -prebind -headerpad_max_install_names -Wl,-search_paths_first  conftest.c -lz  -lpthread -framework CoreFoundation >&5
configure:10759: $? = 0
configure:10763: test -z 
			 || test ! -s conftest.err
configure:10766: $? = 0
configure:10769: test -s conftest
configure:10772: $? = 0
configure:10784: result: yes
configure:10806: checking for getnameinfo
configure:10863: gcc -o conftest -pipe     -prebind -headerpad_max_install_names -Wl,-search_paths_first  conftest.c -lz  -lpthread -framework CoreFoundation >&5
configure:10869: $? = 0
configure:10873: test -z 
			 || test ! -s conftest.err
configure:10876: $? = 0
configure:10879: test -s conftest
configure:10882: $? = 0
configure:10894: result: yes
configure:10806: checking for getaddrinfo
configure:10863: gcc -o conftest -pipe     -prebind -headerpad_max_install_names -Wl,-search_paths_first  conftest.c -lz  -lpthread -framework CoreFoundation >&5
configure:10869: $? = 0
configure:10873: test -z 
			 || test ! -s conftest.err
configure:10876: $? = 0
configure:10879: test -s conftest
configure:10882: $? = 0
configure:10894: result: yes
configure:10806: checking for freeaddrinfo
configure:10863: gcc -o conftest -pipe     -prebind -headerpad_max_install_names -Wl,-search_paths_first  conftest.c -lz  -lpthread -framework CoreFoundation >&5
configure:10869: $? = 0
configure:10873: test -z 
			 || test ! -s conftest.err
configure:10876: $? = 0
configure:10879: test -s conftest
configure:10882: $? = 0
configure:10894: result: yes
configure:10806: checking for gai_strerror
configure:10863: gcc -o conftest -pipe     -prebind -headerpad_max_install_names -Wl,-search_paths_first  conftest.c -lz  -lpthread -framework CoreFoundation >&5
configure:10869: $? = 0
configure:10873: test -z 
			 || test ! -s conftest.err
configure:10876: $? = 0
configure:10879: test -s conftest
configure:10882: $? = 0
configure:10894: result: yes
configure:10906: checking for struct addrinfo
configure:10936: gcc -c -pipe    conftest.c >&5
configure:10942: $? = 0
configure:10946: test -z 
			 || test ! -s conftest.err
configure:10949: $? = 0
configure:10952: test -s conftest.o
configure:10955: $? = 0
configure:10966: result: yes
configure:10978: checking for struct in6_addr
configure:11008: gcc -c -pipe    conftest.c >&5
configure:11014: $? = 0
configure:11018: test -z 
			 || test ! -s conftest.err
configure:11021: $? = 0
configure:11024: test -s conftest.o
configure:11027: $? = 0
configure:11038: result: yes
configure:11050: checking for struct sockaddr_in6
configure:11080: gcc -c -pipe    conftest.c >&5
configure:11086: $? = 0
configure:11090: test -z 
			 || test ! -s conftest.err
configure:11093: $? = 0
configure:11096: test -s conftest.o
configure:11099: $? = 0
configure:11110: result: yes
configure:11122: checking for struct sockaddr_storage
configure:11152: gcc -c -pipe    conftest.c >&5
configure:11158: $? = 0
configure:11162: test -z 
			 || test ! -s conftest.err
configure:11165: $? = 0
configure:11168: test -s conftest.o
configure:11171: $? = 0
configure:11182: result: yes
configure:11308: checking for getpwuid_r
configure:11365: gcc -o conftest -pipe     -prebind -headerpad_max_install_names -Wl,-search_paths_first  conftest.c -lz  -lpthread -framework CoreFoundation >&5
configure:11371: $? = 0
configure:11375: test -z 
			 || test ! -s conftest.err
configure:11378: $? = 0
configure:11381: test -s conftest
configure:11384: $? = 0
configure:11396: result: yes
configure:11400: checking for getpwuid_r with 5 args
configure:11432: gcc -c -pipe    conftest.c >&5
configure:11438: $? = 0
configure:11442: test -z 
			 || test ! -s conftest.err
configure:11445: $? = 0
configure:11448: test -s conftest.o
configure:11451: $? = 0
configure:11462: result: yes
configure:11555: checking for getpwnam_r
configure:11612: gcc -o conftest -pipe     -prebind -headerpad_max_install_names -Wl,-search_paths_first  conftest.c -lz  -lpthread -framework CoreFoundation >&5
configure:11618: $? = 0
configure:11622: test -z 
			 || test ! -s conftest.err
configure:11625: $? = 0
configure:11628: test -s conftest
configure:11631: $? = 0
configure:11643: result: yes
configure:11647: checking for getpwnam_r with 5 args
configure:11679: gcc -c -pipe    conftest.c >&5
configure:11685: $? = 0
configure:11689: test -z 
			 || test ! -s conftest.err
configure:11692: $? = 0
configure:11695: test -s conftest.o
configure:11698: $? = 0
configure:11709: result: yes
configure:11802: checking for getgrgid_r
configure:11859: gcc -o conftest -pipe     -prebind -headerpad_max_install_names -Wl,-search_paths_first  conftest.c -lz  -lpthread -framework CoreFoundation >&5
configure:11865: $? = 0
configure:11869: test -z 
			 || test ! -s conftest.err
configure:11872: $? = 0
configure:11875: test -s conftest
configure:11878: $? = 0
configure:11890: result: yes
configure:11894: checking for getgrgid_r with 5 args
configure:11926: gcc -c -pipe    conftest.c >&5
configure:11932: $? = 0
configure:11936: test -z 
			 || test ! -s conftest.err
configure:11939: $? = 0
configure:11942: test -s conftest.o
configure:11945: $? = 0
configure:11956: result: yes
configure:12049: checking for getgrnam_r
configure:12106: gcc -o conftest -pipe     -prebind -headerpad_max_install_names -Wl,-search_paths_first  conftest.c -lz  -lpthread -framework CoreFoundation >&5
configure:12112: $? = 0
configure:12116: test -z 
			 || test ! -s conftest.err
configure:12119: $? = 0
configure:12122: test -s conftest
configure:12125: $? = 0
configure:12137: result: yes
configure:12141: checking for getgrnam_r with 5 args
configure:12173: gcc -c -pipe    conftest.c >&5
configure:12179: $? = 0
configure:12183: test -z 
			 || test ! -s conftest.err
configure:12186: $? = 0
configure:12189: test -s conftest.o
configure:12192: $? = 0
configure:12203: result: yes
configure:12926: checking termios.h usability
configure:12938: gcc -c -pipe    conftest.c >&5
configure:12944: $? = 0
configure:12948: test -z 
			 || test ! -s conftest.err
configure:12951: $? = 0
configure:12954: test -s conftest.o
configure:12957: $? = 0
configure:12967: result: yes
configure:12971: checking termios.h presence
configure:12981: gcc -E   conftest.c
configure:12987: $? = 0
configure:13007: result: yes
configure:13042: checking for termios.h
configure:13049: result: yes
configure:13076: checking sys/ioctl.h usability
configure:13088: gcc -c -pipe    conftest.c >&5
configure:13094: $? = 0
configure:13098: test -z 
			 || test ! -s conftest.err
configure:13101: $? = 0
configure:13104: test -s conftest.o
configure:13107: $? = 0
configure:13117: result: yes
configure:13121: checking sys/ioctl.h presence
configure:13131: gcc -E   conftest.c
configure:13137: $? = 0
configure:13157: result: yes
configure:13192: checking for sys/ioctl.h
configure:13199: result: yes
configure:13226: checking sys/modem.h usability
configure:13238: gcc -c -pipe    conftest.c >&5
conftest.c:97:10: fatal error: 'sys/modem.h' file not found
#include <sys/modem.h>
         ^~~~~~~~~~~~~
1 error generated.
configure:13244: $? = 1
configure: failed program was:
| /* confdefs.h.  */
| 
| #define PACKAGE_NAME "tcl"
| #define PACKAGE_TARNAME "tcl"
| #define PACKAGE_VERSION "8.6"
| #define PACKAGE_STRING "tcl 8.6"
| #define PACKAGE_BUGREPORT ""
| #define STDC_HEADERS 1
| #define HAVE_SYS_TYPES_H 1
| #define HAVE_SYS_STAT_H 1
| #define HAVE_STDLIB_H 1
| #define HAVE_STRING_H 1
| #define HAVE_MEMORY_H 1
| #define HAVE_STRINGS_H 1
| #define HAVE_INTTYPES_H 1
| #define HAVE_STDINT_H 1
| #define HAVE_UNISTD_H 1
| #define NO_VALUES_H 1
| #define HAVE_SYS_PARAM_H 1
| #define USE_THREAD_ALLOC 1
| #define _REENTRANT 1
| #define _THREAD_SAFE 1
| #define HAVE_PTHREAD_ATTR_SETSTACKSIZE 1
| #define HAVE_PTHREAD_ATFORK 1
| #define TCL_THREADS 1
| #define TCL_CFGVAL_ENCODING "iso8859-1"
| #define HAVE_ZLIB 1
| #define MODULE_SCOPE extern __attribute__((__visibility__("hidden")))
| #define HAVE_HIDDEN 1
| #define MAC_OSX_TCL 1
| #define HAVE_COREFOUNDATION 1
| #define HAVE_CAST_TO_UNION 1
| #define TCL_SHLIB_EXT ".dylib"
| #define TCL_TOMMATH 1
| #define MP_PREC 4
| #define TCL_WIDE_INT_IS_LONG 1
| #define HAVE_GETCWD 1
| #define HAVE_MKSTEMP 1
| #define HAVE_OPENDIR 1
| #define HAVE_STRTOL 1
| #define HAVE_WAITPID 1
| #define HAVE_GETNAMEINFO 1
| #define HAVE_GETADDRINFO 1
| #define HAVE_FREEADDRINFO 1
| #define HAVE_GAI_STRERROR 1
| #define HAVE_STRUCT_ADDRINFO 1
| #define HAVE_STRUCT_IN6_ADDR 1
| #define HAVE_STRUCT_SOCKADDR_IN6 1
| #define HAVE_STRUCT_SOCKADDR_STORAGE 1
| #define HAVE_GETPWUID_R_5 1
| #define HAVE_GETPWUID_R 1
| #define HAVE_GETPWNAM_R_5 1
| #define HAVE_GETPWNAM_R 1
| #define HAVE_GETGRGID_R_5 1
| #define HAVE_GETGRGID_R 1
| #define HAVE_GETGRNAM_R_5 1
| #define HAVE_GETGRNAM_R 1
| #define HAVE_MTSAFE_GETHOSTBYNAME 1
| #define HAVE_MTSAFE_GETHOSTBYADDR 1
| #define HAVE_TERMIOS_H 1
| #define HAVE_SYS_IOCTL_H 1
| /* end confdefs.h.  */
| #include <stdio.h>
| #if HAVE_SYS_TYPES_H
| # include <sys/types.h>
| #endif
| #if HAVE_SYS_STAT_H
| # include <sys/stat.h>
| #endif
| #if STDC_HEADERS
| # include <stdlib.h>
| # include <stddef.h>
| #else
| # if HAVE_STDLIB_H
| #  include <stdlib.h>
| # endif
| #endif
| #if HAVE_STRING_H
| # if !STDC_HEADERS && HAVE_MEMORY_H
| #  include <memory.h>
| # endif
| # include <string.h>
| #endif
| #if HAVE_STRINGS_H
| # include <strings.h>
| #endif
| #if HAVE_INTTYPES_H
| # include <inttypes.h>
| #else
| # if HAVE_STDINT_H
| #  include <stdint.h>
| # endif
| #endif
| #if HAVE_UNISTD_H
| # include <unistd.h>
| #endif
| #include <sys/modem.h>
configure:13267: result: no
configure:13271: checking sys/modem.h presence
configure:13281: gcc -E   conftest.c
conftest.c:63:10: fatal error: 'sys/modem.h' file not found
#include <sys/modem.h>
         ^~~~~~~~~~~~~
1 error generated.
configure:13287: $? = 1
configure: failed program was:
| /* confdefs.h.  */
| 
| #define PACKAGE_NAME "tcl"
| #define PACKAGE_TARNAME "tcl"
| #define PACKAGE_VERSION "8.6"
| #define PACKAGE_STRING "tcl 8.6"
| #define PACKAGE_BUGREPORT ""
| #define STDC_HEADERS 1
| #define HAVE_SYS_TYPES_H 1
| #define HAVE_SYS_STAT_H 1
| #define HAVE_STDLIB_H 1
| #define HAVE_STRING_H 1
| #define HAVE_MEMORY_H 1
| #define HAVE_STRINGS_H 1
| #define HAVE_INTTYPES_H 1
| #define HAVE_STDINT_H 1
| #define HAVE_UNISTD_H 1
| #define NO_VALUES_H 1
| #define HAVE_SYS_PARAM_H 1
| #define USE_THREAD_ALLOC 1
| #define _REENTRANT 1
| #define _THREAD_SAFE 1
| #define HAVE_PTHREAD_ATTR_SETSTACKSIZE 1
| #define HAVE_PTHREAD_ATFORK 1
| #define TCL_THREADS 1
| #define TCL_CFGVAL_ENCODING "iso8859-1"
| #define HAVE_ZLIB 1
| #define MODULE_SCOPE extern __attribute__((__visibility__("hidden")))
| #define HAVE_HIDDEN 1
| #define MAC_OSX_TCL 1
| #define HAVE_COREFOUNDATION 1
| #define HAVE_CAST_TO_UNION 1
| #define TCL_SHLIB_EXT ".dylib"
| #define TCL_TOMMATH 1
| #define MP_PREC 4
| #define TCL_WIDE_INT_IS_LONG 1
| #define HAVE_GETCWD 1
| #define HAVE_MKSTEMP 1
| #define HAVE_OPENDIR 1
| #define HAVE_STRTOL 1
| #define HAVE_WAITPID 1
| #define HAVE_GETNAMEINFO 1
| #define HAVE_GETADDRINFO 1
| #define HAVE_FREEADDRINFO 1
| #define HAVE_GAI_STRERROR 1
| #define HAVE_STRUCT_ADDRINFO 1
| #define HAVE_STRUCT_IN6_ADDR 1
| #define HAVE_STRUCT_SOCKADDR_IN6 1
| #define HAVE_STRUCT_SOCKADDR_STORAGE 1
| #define HAVE_GETPWUID_R_5 1
| #define HAVE_GETPWUID_R 1
| #define HAVE_GETPWNAM_R_5 1
| #define HAVE_GETPWNAM_R 1
| #define HAVE_GETGRGID_R_5 1
| #define HAVE_GETGRGID_R 1
| #define HAVE_GETGRNAM_R_5 1
| #define HAVE_GETGRNAM_R 1
| #define HAVE_MTSAFE_GETHOSTBYNAME 1
| #define HAVE_MTSAFE_GETHOSTBYADDR 1
| #define HAVE_TERMIOS_H 1
| #define HAVE_SYS_IOCTL_H 1
| /* end confdefs.h.  */
| #include <sys/modem.h>
configure:13307: result: no
configure:13342: checking for sys/modem.h
configure:13349: result: no
configure:13373: checking for fd_set in sys/types
configure:13395: gcc -c -pipe    conftest.c >&5
configure:13401: $? = 0
configure:13405: test -z 
			 || test ! -s conftest.err
configure:13408: $? = 0
configure:13411: test -s conftest.o
configure:13414: $? = 0
configure:13425: result: yes
configure:13491: checking sys/time.h usability
configure:13503: gcc -c -pipe    conftest.c >&5
configure:13509: $? = 0
configure:13513: test -z 
			 || test ! -s conftest.err
configure:13516: $? = 0
configure:13519: test -s conftest.o
configure:13522: $? = 0
configure:13532: result: yes
configure:13536: checking sys/time.h presence
configure:13546: gcc -E   conftest.c
configure:13552: $? = 0
configure:13572: result: yes
configure:13607: checking for sys/time.h
configure:13614: result: yes
configure:13627: checking whether time.h and sys/time.h may both be included
configure:13652: gcc -c -pipe    conftest.c >&5
configure:13658: $? = 0
configure:13662: test -z 
			 || test ! -s conftest.err
configure:13665: $? = 0
configure:13668: test -s conftest.o
configure:13671: $? = 0
configure:13682: result: yes
configure:13699: checking for gmtime_r
configure:13756: gcc -o conftest -pipe     -prebind -headerpad_max_install_names -Wl,-search_paths_first  conftest.c -lz  -lpthread -framework CoreFoundation >&5
configure:13762: $? = 0
configure:13766: test -z 
			 || test ! -s conftest.err
configure:13769: $? = 0
configure:13772: test -s conftest
configure:13775: $? = 0
configure:13787: result: yes
configure:13699: checking for localtime_r
configure:13756: gcc -o conftest -pipe     -prebind -headerpad_max_install_names -Wl,-search_paths_first  conftest.c -lz  -lpthread -framework CoreFoundation >&5
configure:13762: $? = 0
configure:13766: test -z 
			 || test ! -s conftest.err
configure:13769: $? = 0
configure:13772: test -s conftest
configure:13775: $? = 0
configure:13787: result: yes
configure:13699: checking for mktime
configure:13756: gcc -o conftest -pipe     -prebind -headerpad_max_install_names -Wl,-search_paths_first  conftest.c -lz  -lpthread -framework CoreFoundation >&5
configure:13762: $? = 0
configure:13766: test -z 
			 || test ! -s conftest.err
configure:13769: $? = 0
configure:13772: test -s conftest
configure:13775: $? = 0
configure:13787: result: yes
configure:13798: checking tm_tzadj in struct tm
configure:13820: gcc -c -pipe    conftest.c >&5
conftest.c:72:18: error: no member named 'tm_tzadj' in 'struct tm'
struct tm tm; tm.tm_tzadj;
              ~~ ^
1 error generated.
configure:13826: $? = 1
configure: failed program was:
| /* confdefs.h.  */
| 
| #define PACKAGE_NAME "tcl"
| #define PACKAGE_TARNAME "tcl"
| #define PACKAGE_VERSION "8.6"
| #define PACKAGE_STRING "tcl 8.6"
| #define PACKAGE_BUGREPORT ""
| #define STDC_HEADERS 1
| #define HAVE_SYS_TYPES_H 1
| #define HAVE_SYS_STAT_H 1
| #define HAVE_STDLIB_H 1
| #define HAVE_STRING_H 1
| #define HAVE_MEMORY_H 1
| #define HAVE_STRINGS_H 1
| #define HAVE_INTTYPES_H 1
| #define HAVE_STDINT_H 1
| #define HAVE_UNISTD_H 1
| #define NO_VALUES_H 1
| #define HAVE_SYS_PARAM_H 1
| #define USE_THREAD_ALLOC 1
| #define _REENTRANT 1
| #define _THREAD_SAFE 1
| #define HAVE_PTHREAD_ATTR_SETSTACKSIZE 1
| #define HAVE_PTHREAD_ATFORK 1
| #define TCL_THREADS 1
| #define TCL_CFGVAL_ENCODING "iso8859-1"
| #define HAVE_ZLIB 1
| #define MODULE_SCOPE extern __attribute__((__visibility__("hidden")))
| #define HAVE_HIDDEN 1
| #define MAC_OSX_TCL 1
| #define HAVE_COREFOUNDATION 1
| #define HAVE_CAST_TO_UNION 1
| #define TCL_SHLIB_EXT ".dylib"
| #define TCL_TOMMATH 1
| #define MP_PREC 4
| #define TCL_WIDE_INT_IS_LONG 1
| #define HAVE_GETCWD 1
| #define HAVE_MKSTEMP 1
| #define HAVE_OPENDIR 1
| #define HAVE_STRTOL 1
| #define HAVE_WAITPID 1
| #define HAVE_GETNAMEINFO 1
| #define HAVE_GETADDRINFO 1
| #define HAVE_FREEADDRINFO 1
| #define HAVE_GAI_STRERROR 1
| #define HAVE_STRUCT_ADDRINFO 1
| #define HAVE_STRUCT_IN6_ADDR 1
| #define HAVE_STRUCT_SOCKADDR_IN6 1
| #define HAVE_STRUCT_SOCKADDR_STORAGE 1
| #define HAVE_GETPWUID_R_5 1
| #define HAVE_GETPWUID_R 1
| #define HAVE_GETPWNAM_R_5 1
| #define HAVE_GETPWNAM_R 1
| #define HAVE_GETGRGID_R_5 1
| #define HAVE_GETGRGID_R 1
| #define HAVE_GETGRNAM_R_5 1
| #define HAVE_GETGRNAM_R 1
| #define HAVE_MTSAFE_GETHOSTBYNAME 1
| #define HAVE_MTSAFE_GETHOSTBYADDR 1
| #define HAVE_TERMIOS_H 1
| #define HAVE_SYS_IOCTL_H 1
| #define HAVE_SYS_TIME_H 1
| #define TIME_WITH_SYS_TIME 1
| #define HAVE_GMTIME_R 1
| #define HAVE_LOCALTIME_R 1
| #define HAVE_MKTIME 1
| /* end confdefs.h.  */
| #include <time.h>
| int
| main ()
| {
| struct tm tm; tm.tm_tzadj;
|   ;
|   return 0;
| }
configure:13850: result: no
configure:13860: checking tm_gmtoff in struct tm
configure:13882: gcc -c -pipe    conftest.c >&5
conftest.c:72:18: warning: expression result unused [-Wunused-value]
struct tm tm; tm.tm_gmtoff;
              ~~ ^~~~~~~~~
1 warning generated.
configure:13888: $? = 0
configure:13892: test -z 
			 || test ! -s conftest.err
configure:13895: $? = 0
configure:13898: test -s conftest.o
configure:13901: $? = 0
configure:13912: result: yes
configure:13926: checking long timezone variable
configure:13950: gcc -c -pipe    conftest.c >&5
conftest.c:75:6: warning: implicitly declaring library function 'exit' with type 'void (int) __attribute__((noreturn))' [-Wimplicit-function-declaration]
            exit (0);
            ^
conftest.c:75:6: note: include the header <stdlib.h> or explicitly provide a declaration for 'exit'
1 warning generated.
configure:13956: $? = 0
configure:13960: test -z 
			 || test ! -s conftest.err
configure:13963: $? = 0
configure:13966: test -s conftest.o
configure:13969: $? = 0
configure:13980: result: yes
configure:14065: checking for struct stat.st_blocks
configure:14088: gcc -c -pipe    conftest.c >&5
configure:14094: $? = 0
configure:14098: test -z 
			 || test ! -s conftest.err
configure:14101: $? = 0
configure:14104: test -s conftest.o
configure:14107: $? = 0
configure:14164: result: yes
configure:14174: checking for struct stat.st_blksize
configure:14197: gcc -c -pipe    conftest.c >&5
configure:14203: $? = 0
configure:14207: test -z 
			 || test ! -s conftest.err
configure:14210: $? = 0
configure:14213: test -s conftest.o
configure:14216: $? = 0
configure:14273: result: yes
configure:14285: checking for blkcnt_t
configure:14309: gcc -c -pipe    conftest.c >&5
configure:14315: $? = 0
configure:14319: test -z 
			 || test ! -s conftest.err
configure:14322: $? = 0
configure:14325: test -s conftest.o
configure:14328: $? = 0
configure:14339: result: yes
configure:14350: checking for fstatfs
configure:14407: gcc -o conftest -pipe     -prebind -headerpad_max_install_names -Wl,-search_paths_first  conftest.c -lz  -lpthread -framework CoreFoundation >&5
configure:14413: $? = 0
configure:14417: test -z 
			 || test ! -s conftest.err
configure:14420: $? = 0
configure:14423: test -s conftest
configure:14426: $? = 0
configure:14438: result: yes
configure:14456: checking for working memcmp
configure:14504: gcc -o conftest -pipe     -prebind -headerpad_max_install_names -Wl,-search_paths_first  conftest.c -lz  -lpthread -framework CoreFoundation >&5
configure:14507: $? = 0
configure:14509: ./conftest
configure:14512: $? = 0
configure:14526: result: yes
configure:14544: checking for memmove
configure:14601: gcc -o conftest -pipe     -prebind -headerpad_max_install_names -Wl,-search_paths_first  conftest.c -lz  -lpthread -framework CoreFoundation >&5
conftest.c:97:6: warning: incompatible redeclaration of library function 'memmove' [-Wincompatible-library-redeclaration]
char memmove ();
     ^
conftest.c:97:6: note: 'memmove' is a builtin with type 'void *(void *, const void *, unsigned long)'
1 warning generated.
configure:14607: $? = 0
configure:14611: test -z 
			 || test ! -s conftest.err
configure:14614: $? = 0
configure:14617: test -s conftest
configure:14620: $? = 0
configure:14632: result: yes
configure:14657: checking for strstr
configure:14714: gcc -o conftest -pipe     -prebind -headerpad_max_install_names -Wl,-search_paths_first  conftest.c -lz  -lpthread -framework CoreFoundation >&5
conftest.c:97:6: warning: incompatible redeclaration of library function 'strstr' [-Wincompatible-library-redeclaration]
char strstr ();
     ^
conftest.c:97:6: note: 'strstr' is a builtin with type 'char *(const char *, const char *)'
1 warning generated.
configure:14720: $? = 0
configure:14724: test -z 
			 || test ! -s conftest.err
configure:14727: $? = 0
configure:14730: test -s conftest
configure:14733: $? = 0
configure:14745: result: yes
configure:14754: checking proper strstr implementation
configure:14774: gcc -o conftest -pipe     -prebind -headerpad_max_install_names -Wl,-search_paths_first  conftest.c -lz  -lpthread -framework CoreFoundation >&5
conftest.c:74:16: warning: incompatible redeclaration of library function 'strstr' [-Wincompatible-library-redeclaration]
    extern int strstr();
               ^
conftest.c:74:16: note: 'strstr' is a builtin with type 'char *(const char *, const char *)'
conftest.c:75:5: warning: implicitly declaring library function 'exit' with type 'void (int) __attribute__((noreturn))' [-Wimplicit-function-declaration]
    exit(strstr("\0test", "test") ? 1 : 0);
    ^
conftest.c:75:5: note: include the header <stdlib.h> or explicitly provide a declaration for 'exit'
2 warnings generated.
configure:14777: $? = 0
configure:14779: ./conftest
configure:14782: $? = 0
configure:14796: result: ok
configure:14824: checking for strtoul
configure:14881: gcc -o conftest -pipe     -prebind -headerpad_max_install_names -Wl,-search_paths_first  conftest.c -lz  -lpthread -framework CoreFoundation >&5
configure:14887: $? = 0
configure:14891: test -z 
			 || test ! -s conftest.err
configure:14894: $? = 0
configure:14897: test -s conftest
configure:14900: $? = 0
configure:14912: result: yes
configure:14921: checking proper strtoul implementation
configure:14942: gcc -o conftest -pipe     -prebind -headerpad_max_install_names -Wl,-search_paths_first  conftest.c -lz  -lpthread -framework CoreFoundation >&5
conftest.c:76:5: warning: implicitly declaring library function 'exit' with type 'void (int) __attribute__((noreturn))' [-Wimplicit-function-declaration]
    exit(strtoul(string,&term,0) != 0 || term != string+1);
    ^
conftest.c:76:5: note: include the header <stdlib.h> or explicitly provide a declaration for 'exit'
1 warning generated.
configure:14945: $? = 0
configure:14947: ./conftest
configure:14950: $? = 0
configure:14964: result: ok
configure:14991: checking for strtod
configure:15048: gcc -o conftest -pipe     -prebind -headerpad_max_install_names -Wl,-search_paths_first  conftest.c -lz  -lpthread -framework CoreFoundation >&5
configure:15054: $? = 0
configure:15058: test -z 
			 || test ! -s conftest.err
configure:15061: $? = 0
configure:15064: test -s conftest
configure:15067: $? = 0
configure:15079: result: yes
configure:15088: checking proper strtod implementation
configure:15109: gcc -o conftest -pipe     -prebind -headerpad_max_install_names -Wl,-search_paths_first  conftest.c -lz  -lpthread -framework CoreFoundation >&5
conftest.c:76:5: warning: implicitly declaring library function 'exit' with type 'void (int) __attribute__((noreturn))' [-Wimplicit-function-declaration]
    exit(strtod(string,&term) != 69 || term != string+4);
    ^
conftest.c:76:5: note: include the header <stdlib.h> or explicitly provide a declaration for 'exit'
1 warning generated.
configure:15112: $? = 0
configure:15114: ./conftest
configure:15117: $? = 0
configure:15131: result: ok
configure:15160: checking for strtod
configure:15248: result: yes
configure:15257: checking for Solaris2.4/Tru64 strtod bugs
configure:15294: gcc -o conftest -pipe     -prebind -headerpad_max_install_names -Wl,-search_paths_first  conftest.c -lz  -lpthread -framework CoreFoundation >&5
conftest.c:81:4: warning: implicitly declaring library function 'exit' with type 'void (int) __attribute__((noreturn))' [-Wimplicit-function-declaration]
                        exit(1);
                        ^
conftest.c:81:4: note: include the header <stdlib.h> or explicitly provide a declaration for 'exit'
1 warning generated.
configure:15297: $? = 0
configure:15299: ./conftest
configure:15302: $? = 0
configure:15316: result: ok
configure:15342: checking for mode_t
configure:15366: gcc -c -pipe    conftest.c >&5
configure:15372: $? = 0
configure:15376: test -z 
			 || test ! -s conftest.err
configure:15379: $? = 0
configure:15382: test -s conftest.o
configure:15385: $? = 0
configure:15396: result: yes
configure:15408: checking for pid_t
configure:15432: gcc -c -pipe    conftest.c >&5
configure:15438: $? = 0
configure:15442: test -z 
			 || test ! -s conftest.err
configure:15445: $? = 0
configure:15448: test -s conftest.o
configure:15451: $? = 0
configure:15462: result: yes
configure:15474: checking for size_t
configure:15498: gcc -c -pipe    conftest.c >&5
configure:15504: $? = 0
configure:15508: test -z 
			 || test ! -s conftest.err
configure:15511: $? = 0
configure:15514: test -s conftest.o
configure:15517: $? = 0
configure:15528: result: yes
configure:15540: checking for uid_t in sys/types.h
configure:15563: result: yes
configure:15579: checking for socklen_t
configure:15606: gcc -c -pipe    conftest.c >&5
configure:15612: $? = 0
configure:15616: test -z 
			 || test ! -s conftest.err
configure:15619: $? = 0
configure:15622: test -s conftest.o
configure:15625: $? = 0
configure:15636: result: yes
configure:15646: checking for intptr_t
configure:15670: gcc -c -pipe    conftest.c >&5
configure:15676: $? = 0
configure:15680: test -z 
			 || test ! -s conftest.err
configure:15683: $? = 0
configure:15686: test -s conftest.o
configure:15689: $? = 0
configure:15700: result: yes
configure:15781: checking for uintptr_t
configure:15805: gcc -c -pipe    conftest.c >&5
configure:15811: $? = 0
configure:15815: test -z 
			 || test ! -s conftest.err
configure:15818: $? = 0
configure:15821: test -s conftest.o
configure:15824: $? = 0
configure:15835: result: yes
configure:15925: checking for opendir
configure:16013: result: yes
configure:16034: checking union wait
configure:16061: gcc -o conftest -pipe     -prebind -headerpad_max_install_names -Wl,-search_paths_first  conftest.c -lz  -lpthread -framework CoreFoundation >&5
configure:16067: $? = 0
configure:16071: test -z 
			 || test ! -s conftest.err
configure:16074: $? = 0
configure:16077: test -s conftest
configure:16080: $? = 0
configure:16092: result: yes
configure:16108: checking for strncasecmp
configure:16165: gcc -o conftest -pipe     -prebind -headerpad_max_install_names -Wl,-search_paths_first  conftest.c -lz  -lpthread -framework CoreFoundation >&5
conftest.c:99:6: warning: incompatible redeclaration of library function 'strncasecmp' [-Wincompatible-library-redeclaration]
char strncasecmp ();
     ^
conftest.c:99:6: note: 'strncasecmp' is a builtin with type 'int (const char *, const char *, unsigned long)'
1 warning generated.
configure:16171: $? = 0
configure:16175: test -z 
			 || test ! -s conftest.err
configure:16178: $? = 0
configure:16181: test -s conftest
configure:16184: $? = 0
configure:16196: result: yes
configure:16369: checking for gettimeofday
configure:16426: gcc -o conftest -pipe     -prebind -headerpad_max_install_names -Wl,-search_paths_first  conftest.c -lz  -lpthread -framework CoreFoundation >&5
configure:16432: $? = 0
configure:16436: test -z 
			 || test ! -s conftest.err
configure:16439: $? = 0
configure:16442: test -s conftest
configure:16445: $? = 0
configure:16457: result: yes
configure:16471: checking for gettimeofday declaration
configure:16495: result: present
configure:16512: checking whether char is unsigned
configure:16535: gcc -c -pipe    conftest.c >&5
configure:16541: $? = 0
configure:16545: test -z 
			 || test ! -s conftest.err
configure:16548: $? = 0
configure:16551: test -s conftest.o
configure:16554: $? = 0
configure:16565: result: no
configure:16574: checking signed char declarations
configure:16599: gcc -c -pipe    conftest.c >&5
configure:16605: $? = 0
configure:16609: test -z 
			 || test ! -s conftest.err
configure:16612: $? = 0
configure:16615: test -s conftest.o
configure:16618: $? = 0
configure:16629: result: yes
configure:16643: checking for a putenv() that copies the buffer
configure:16679: gcc -o conftest -pipe     -prebind -headerpad_max_install_names -Wl,-search_paths_first  conftest.c -lz  -lpthread -framework CoreFoundation >&5
conftest.c:82:20: warning: implicitly declaring library function 'strdup' with type 'char *(const char *)' [-Wimplicit-function-declaration]
            foo = (char *)strdup(OURVAR);
                          ^
conftest.c:82:20: note: include the header <string.h> or explicitly provide a declaration for 'strdup'
conftest.c:84:6: warning: implicitly declaring library function 'strcpy' with type 'char *(char *, const char *)' [-Wimplicit-function-declaration]
            strcpy((char *)(strchr(foo, '=') + 1), "no");
            ^
conftest.c:84:6: note: include the header <string.h> or explicitly provide a declaration for 'strcpy'
conftest.c:84:22: warning: implicitly declaring library function 'strchr' with type 'char *(const char *, int)' [-Wimplicit-function-declaration]
            strcpy((char *)(strchr(foo, '=') + 1), "no");
                            ^
conftest.c:84:22: note: include the header <string.h> or explicitly provide a declaration for 'strchr'
conftest.c:86:11: warning: implicitly declaring library function 'strcmp' with type 'int (const char *, const char *)' [-Wimplicit-function-declaration]
            if (!strcmp(bar, "no")) {
                 ^
conftest.c:86:11: note: include the header <string.h> or explicitly provide a declaration for 'strcmp'
4 warnings generated.
configure:16682: $? = 0
configure:16684: ./conftest
configure:16687: $? = 0
configure:16701: result: no
configure:16736: checking langinfo.h usability
configure:16748: gcc -c -pipe    conftest.c >&5
configure:16754: $? = 0
configure:16758: test -z 
			 || test ! -s conftest.err
configure:16761: $? = 0
configure:16764: test -s conftest.o
configure:16767: $? = 0
configure:16777: result: yes
configure:16781: checking langinfo.h presence
configure:16791: gcc -E   conftest.c
configure:16797: $? = 0
configure:16817: result: yes
configure:16852: checking for langinfo.h
configure:16859: result: yes
configure:16871: checking whether to use nl_langinfo
configure:16894: gcc -c -pipe    conftest.c >&5
configure:16900: $? = 0
configure:16904: test -z 
			 || test ! -s conftest.err
configure:16907: $? = 0
configure:16910: test -s conftest.o
configure:16913: $? = 0
configure:16925: result: yes
configure:16949: checking for chflags
configure:17006: gcc -o conftest -pipe     -prebind -headerpad_max_install_names -Wl,-search_paths_first  conftest.c -lz  -lpthread -framework CoreFoundation >&5
configure:17012: $? = 0
configure:17016: test -z 
			 || test ! -s conftest.err
configure:17019: $? = 0
configure:17022: test -s conftest
configure:17025: $? = 0
configure:17037: result: yes
configure:16949: checking for mkstemps
configure:17006: gcc -o conftest -pipe     -prebind -headerpad_max_install_names -Wl,-search_paths_first  conftest.c -lz  -lpthread -framework CoreFoundation >&5
configure:17012: $? = 0
configure:17016: test -z 
			 || test ! -s conftest.err
configure:17019: $? = 0
configure:17022: test -s conftest
configure:17025: $? = 0
configure:17037: result: yes
configure:17052: checking isnan
configure:17076: gcc -o conftest -pipe     -prebind -headerpad_max_install_names -Wl,-search_paths_first  conftest.c -lz  -lpthread -framework CoreFoundation >&5
configure:17082: $? = 0
configure:17086: test -z 
			 || test ! -s conftest.err
configure:17089: $? = 0
configure:17092: test -s conftest
configure:17095: $? = 0
configure:17107: result: yes
configure:17126: checking for getattrlist
configure:17183: gcc -o conftest -pipe     -prebind -headerpad_max_install_names -Wl,-search_paths_first  conftest.c -lz  -lpthread -framework CoreFoundation >&5
configure:17189: $? = 0
configure:17193: test -z 
			 || test ! -s conftest.err
configure:17196: $? = 0
configure:17199: test -s conftest
configure:17202: $? = 0
configure:17214: result: yes
configure:17238: checking copyfile.h usability
configure:17250: gcc -c -pipe    conftest.c >&5
configure:17256: $? = 0
configure:17260: test -z 
			 || test ! -s conftest.err
configure:17263: $? = 0
configure:17266: test -s conftest.o
configure:17269: $? = 0
configure:17279: result: yes
configure:17283: checking copyfile.h presence
configure:17293: gcc -E   conftest.c
configure:17299: $? = 0
configure:17319: result: yes
configure:17354: checking for copyfile.h
configure:17361: result: yes
configure:17378: checking for copyfile
configure:17435: gcc -o conftest -pipe     -prebind -headerpad_max_install_names -Wl,-search_paths_first  conftest.c -lz  -lpthread -framework CoreFoundation >&5
configure:17441: $? = 0
configure:17445: test -z 
			 || test ! -s conftest.err
configure:17448: $? = 0
configure:17451: test -s conftest
configure:17454: $? = 0
configure:17466: result: yes
configure:17491: checking libkern/OSAtomic.h usability
configure:17503: gcc -c -pipe    conftest.c >&5
configure:17509: $? = 0
configure:17513: test -z 
			 || test ! -s conftest.err
configure:17516: $? = 0
configure:17519: test -s conftest.o
configure:17522: $? = 0
configure:17532: result: yes
configure:17536: checking libkern/OSAtomic.h presence
configure:17546: gcc -E   conftest.c
configure:17552: $? = 0
configure:17572: result: yes
configure:17607: checking for libkern/OSAtomic.h
configure:17614: result: yes
configure:17631: checking for OSSpinLockLock
configure:17688: gcc -o conftest -pipe     -prebind -headerpad_max_install_names -Wl,-search_paths_first  conftest.c -lz  -lpthread -framework CoreFoundation >&5
configure:17694: $? = 0
configure:17698: test -z 
			 || test ! -s conftest.err
configure:17701: $? = 0
configure:17704: test -s conftest
configure:17707: $? = 0
configure:17719: result: yes
configure:17764: checking AvailabilityMacros.h usability
configure:17776: gcc -c -pipe    conftest.c >&5
configure:17782: $? = 0
configure:17786: test -z 
			 || test ! -s conftest.err
configure:17789: $? = 0
configure:17792: test -s conftest.o
configure:17795: $? = 0
configure:17805: result: yes
configure:17809: checking AvailabilityMacros.h presence
configure:17819: gcc -E   conftest.c
configure:17825: $? = 0
configure:17845: result: yes
configure:17880: checking for AvailabilityMacros.h
configure:17887: result: yes
configure:17901: checking if weak import is available
configure:17933: gcc -o conftest -pipe  -Werror    -prebind -headerpad_max_install_names -Wl,-search_paths_first  conftest.c -lz  -lpthread -framework CoreFoundation >&5
configure:17939: $? = 0
configure:17943: test -z 
			 || test ! -s conftest.err
configure:17946: $? = 0
configure:17949: test -s conftest
configure:17952: $? = 0
configure:17965: result: yes
configure:17974: checking if Darwin SUSv3 extensions are available
configure:18007: gcc -c -pipe  -Werror   conftest.c >&5
configure:18013: $? = 0
configure:18017: test -z 
			 || test ! -s conftest.err
configure:18020: $? = 0
configure:18023: test -s conftest.o
configure:18026: $? = 0
configure:18038: result: yes
configure:18060: checking for fts
configure:18090: gcc -o conftest -pipe     -prebind -headerpad_max_install_names -Wl,-search_paths_first  conftest.c -lz  -lpthread -framework CoreFoundation >&5
configure:18096: $? = 0
configure:18100: test -z 
			 || test ! -s conftest.err
configure:18103: $? = 0
configure:18106: test -s conftest
configure:18109: $? = 0
configure:18121: result: yes
configure:18143: checking for sys/ioctl.h
configure:18148: result: yes
configure:18302: checking sys/filio.h usability
configure:18314: gcc -c -pipe    conftest.c >&5
configure:18320: $? = 0
configure:18324: test -z 
			 || test ! -s conftest.err
configure:18327: $? = 0
configure:18330: test -s conftest.o
configure:18333: $? = 0
configure:18343: result: yes
configure:18347: checking sys/filio.h presence
configure:18357: gcc -E   conftest.c
configure:18363: $? = 0
configure:18383: result: yes
configure:18418: checking for sys/filio.h
configure:18425: result: yes
configure:18439: checking system version
configure:18467: result: Darwin-17.2.0
configure:18471: checking FIONBIO vs. O_NONBLOCK for nonblocking I/O
configure:18493: result: O_NONBLOCK
configure:18501: checking whether to use dll unloading
configure:18517: result: yes
configure:18526: checking for timezone data
configure:18567: result: /usr/share/zoneinfo
configure:18608: checking sys/sdt.h usability
configure:18620: gcc -c -pipe    conftest.c >&5
configure:18626: $? = 0
configure:18630: test -z 
			 || test ! -s conftest.err
configure:18633: $? = 0
configure:18636: test -s conftest.o
configure:18639: $? = 0
configure:18649: result: yes
configure:18653: checking sys/sdt.h presence
configure:18663: gcc -E   conftest.c
configure:18669: $? = 0
configure:18689: result: yes
configure:18724: checking for sys/sdt.h
configure:18731: result: yes
configure:18746: checking for dtrace
configure:18765: found /usr/sbin/dtrace
configure:18777: result: /usr/sbin/dtrace
configure:18786: checking whether to enable DTrace support
configure:18811: result: yes
configure:18818: checking whether the cpuid instruction is usable
configure:18848: gcc -o conftest -pipe     -prebind -headerpad_max_install_names -Wl,-search_paths_first  conftest.c -lz  -lpthread -framework CoreFoundation >&5
configure:18854: $? = 0
configure:18858: test -z 
			 || test ! -s conftest.err
configure:18861: $? = 0
configure:18864: test -s conftest
configure:18867: $? = 0
configure:18879: result: yes
configure:18916: checking how to package libraries
configure:18938: result: framework
configure:19247: creating ./config.status

## ---------------------- ##
## Running config.status. ##
## ---------------------- ##

This file was extended by tcl config.status 8.6, which was
generated by GNU Autoconf 2.59.  Invocation command line was

  CONFIG_FILES    = 
  CONFIG_HEADERS  = 
  CONFIG_LINKS    = 
  CONFIG_COMMANDS = 
  $ ./config.status 

on Dominicks-MacBook-Pro.local

config.status:733: creating Tcl-Info.plist
config.status:733: creating Tclsh-Info.plist
config.status:733: creating Makefile
config.status:733: creating dltest/Makefile
config.status:733: creating tclConfig.sh
config.status:733: creating tcl.pc
config.status:908: executing Tcl.framework commands

## ---------------- ##
## Cache variables. ##
## ---------------- ##

ac_cv_c_bigendian=no
ac_cv_c_char_unsigned=no
ac_cv_c_compiler_gnu=yes
ac_cv_c_inline=inline
ac_cv_env_CC_set=
ac_cv_env_CC_value=
ac_cv_env_CFLAGS_set=
ac_cv_env_CFLAGS_value=
ac_cv_env_CPPFLAGS_set=
ac_cv_env_CPPFLAGS_value=
ac_cv_env_CPP_set=
ac_cv_env_CPP_value=
ac_cv_env_LDFLAGS_set=
ac_cv_env_LDFLAGS_value=
ac_cv_env_build_alias_set=
ac_cv_env_build_alias_value=
ac_cv_env_host_alias_set=
ac_cv_env_host_alias_value=
ac_cv_env_target_alias_set=
ac_cv_env_target_alias_value=
ac_cv_exeext=
ac_cv_func_OSSpinLockLock=yes
ac_cv_func_chflags=yes
ac_cv_func_connect=yes
ac_cv_func_copyfile=yes
ac_cv_func_freeaddrinfo=yes
ac_cv_func_fstatfs=yes
ac_cv_func_gai_strerror=yes
ac_cv_func_getaddrinfo=yes
ac_cv_func_getattrlist=yes
ac_cv_func_getcwd=yes
ac_cv_func_getgrgid_r=yes
ac_cv_func_getgrnam_r=yes
ac_cv_func_gethostbyname=yes
ac_cv_func_getnameinfo=yes
ac_cv_func_getpwnam_r=yes
ac_cv_func_getpwuid_r=yes
ac_cv_func_gettimeofday=yes
ac_cv_func_getwd=yes
ac_cv_func_gmtime_r=yes
ac_cv_func_localtime_r=yes
ac_cv_func_memcmp_working=yes
ac_cv_func_memmove=yes
ac_cv_func_mkstemp=yes
ac_cv_func_mkstemps=yes
ac_cv_func_mktime=yes
ac_cv_func_opendir=yes
ac_cv_func_pthread_atfork=yes
ac_cv_func_pthread_attr_setstacksize=yes
ac_cv_func_realpath=yes
ac_cv_func_sin=yes
ac_cv_func_strerror=yes
ac_cv_func_strncasecmp=yes
ac_cv_func_strstr=yes
ac_cv_func_strtod=yes
ac_cv_func_strtol=yes
ac_cv_func_strtoul=yes
ac_cv_func_uname=yes
ac_cv_func_wait3=yes
ac_cv_func_waitpid=yes
ac_cv_header_AvailabilityMacros_h=yes
ac_cv_header_copyfile_h=yes
ac_cv_header_dlfcn_h=yes
ac_cv_header_float_h=yes
ac_cv_header_inttypes_h=yes
ac_cv_header_langinfo_h=yes
ac_cv_header_libkern_OSAtomic_h=yes
ac_cv_header_memory_h=yes
ac_cv_header_net_errno_h=no
ac_cv_header_stdc=yes
ac_cv_header_stdint_h=yes
ac_cv_header_stdlib_h=yes
ac_cv_header_string_h=yes
ac_cv_header_strings_h=yes
ac_cv_header_sys_filio_h=yes
ac_cv_header_sys_ioctl_h=yes
ac_cv_header_sys_modem_h=no
ac_cv_header_sys_param_h=yes
ac_cv_header_sys_sdt_h=yes
ac_cv_header_sys_stat_h=yes
ac_cv_header_sys_time_h=yes
ac_cv_header_sys_types_h=yes
ac_cv_header_sys_wait_h=yes
ac_cv_header_termios_h=yes
ac_cv_header_time=yes
ac_cv_header_unistd_h=yes
ac_cv_header_values_h=no
ac_cv_header_zlib_h=yes
ac_cv_lib_dl_dlopen=yes
ac_cv_lib_ieee_main=no
ac_cv_lib_inet_main=no
ac_cv_lib_pthread_pthread_mutex_init=yes
ac_cv_member_struct_stat_st_blksize=yes
ac_cv_member_struct_stat_st_blocks=yes
ac_cv_objext=o
ac_cv_path_DTRACE=/usr/sbin/dtrace
ac_cv_path_tclsh=/usr/bin/tclsh8.5
ac_cv_prog_CPP='gcc -E'
ac_cv_prog_ac_ct_AR=ar
ac_cv_prog_ac_ct_CC=gcc
ac_cv_prog_ac_ct_RANLIB=ranlib
ac_cv_prog_cc_g=yes
ac_cv_prog_cc_stdc=
ac_cv_prog_egrep='grep -E'
ac_cv_search_deflateSetHeader=-lz
ac_cv_type_blkcnt_t=yes
ac_cv_type_gz_header=yes
ac_cv_type_intptr_t=yes
ac_cv_type_mode_t=yes
ac_cv_type_pid_t=yes
ac_cv_type_size_t=yes
ac_cv_type_struct_addrinfo=yes
ac_cv_type_struct_in6_addr=yes
ac_cv_type_struct_sockaddr_in6=yes
ac_cv_type_struct_sockaddr_storage=yes
ac_cv_type_uid_t=yes
ac_cv_type_uintptr_t=yes
tcl_cv_api_fts=yes
tcl_cv_api_getgrgid_r_5=yes
tcl_cv_api_getgrnam_r_5=yes
tcl_cv_api_getpwnam_r_5=yes
tcl_cv_api_getpwuid_r_5=yes
tcl_cv_cast_to_union=yes
tcl_cv_cc_darwin_c_source=yes
tcl_cv_cc_pipe=yes
tcl_cv_cc_visibility_hidden=yes
tcl_cv_cc_weak_import=yes
tcl_cv_char_signed=yes
tcl_cv_cpuid=yes
tcl_cv_dir_zoneinfo=/usr/share/zoneinfo
tcl_cv_dirent_h=yes
tcl_cv_flag__isoc99_source=no
tcl_cv_flag__largefile64_source=no
tcl_cv_flag__largefile_source64=no
tcl_cv_grep_gettimeofday=present
tcl_cv_isnan=yes
tcl_cv_langinfo_h=yes
tcl_cv_ld_search_paths_first=yes
tcl_cv_ld_single_module=yes
tcl_cv_lib_corefoundation=yes
tcl_cv_member_tm_gmtoff=yes
tcl_cv_member_tm_tzadj=no
tcl_cv_putenv_copy=no
tcl_cv_strstr_unbroken=ok
tcl_cv_strtod_buggy=ok
tcl_cv_strtod_unbroken=ok
tcl_cv_strtoul_unbroken=ok
tcl_cv_sys_version=Darwin-17.2.0
tcl_cv_timezone_long=yes
tcl_cv_type_64bit=none
tcl_cv_type_fd_set=yes
tcl_cv_type_socklen_t=yes
tcl_cv_union_wait=yes

## ----------------- ##
## Output variables. ##
## ----------------- ##

AR='ar'
BUILD_DLTEST='$(DLTEST_TARGETS)'
CC='gcc'
CC_SEARCH_FLAGS=''
CFG_TCL_SHARED_LIB_SUFFIX='${VERSION}.dylib'
CFG_TCL_UNSHARED_LIB_SUFFIX='${VERSION}.a'
CFLAGS='-pipe   '
CFLAGS_DEBUG='-g'
CFLAGS_DEFAULT='$(CFLAGS_DEBUG)'
CFLAGS_OPTIMIZE='-Os'
CFLAGS_WARNING='-Wall'
CPP='gcc -E'
CPPFLAGS=''
DEFS='-DPACKAGE_NAME=\"tcl\" -DPACKAGE_TARNAME=\"tcl\" -DPACKAGE_VERSION=\"8.6\" -DPACKAGE_STRING=\"tcl\ 8.6\" -DPACKAGE_BUGREPORT=\"\" -DSTDC_HEADERS=1 -DHAVE_SYS_TYPES_H=1 -DHAVE_SYS_STAT_H=1 -DHAVE_STDLIB_H=1 -DHAVE_STRING_H=1 -DHAVE_MEMORY_H=1 -DHAVE_STRINGS_H=1 -DHAVE_INTTYPES_H=1 -DHAVE_STDINT_H=1 -DHAVE_UNISTD_H=1 -DNO_VALUES_H=1 -DHAVE_SYS_PARAM_H=1 -DUSE_THREAD_ALLOC=1 -D_REENTRANT=1 -D_THREAD_SAFE=1 -DHAVE_PTHREAD_ATTR_SETSTACKSIZE=1 -DHAVE_PTHREAD_ATFORK=1 -DTCL_THREADS=1 -DTCL_CFGVAL_ENCODING=\"iso8859-1\" -DHAVE_ZLIB=1 -DMODULE_SCOPE=extern\ __attribute__\(\(__visibility__\(\"hidden\"\)\)\) -DHAVE_HIDDEN=1 -DMAC_OSX_TCL=1 -DHAVE_COREFOUNDATION=1 -DHAVE_CAST_TO_UNION=1 -DTCL_SHLIB_EXT=\".dylib\" -DTCL_TOMMATH=1 -DMP_PREC=4 -DTCL_WIDE_INT_IS_LONG=1 -DHAVE_GETCWD=1 -DHAVE_MKSTEMP=1 -DHAVE_OPENDIR=1 -DHAVE_STRTOL=1 -DHAVE_WAITPID=1 -DHAVE_GETNAMEINFO=1 -DHAVE_GETADDRINFO=1 -DHAVE_FREEADDRINFO=1 -DHAVE_GAI_STRERROR=1 -DHAVE_STRUCT_ADDRINFO=1 -DHAVE_STRUCT_IN6_ADDR=1 -DHAVE_STRUCT_SOCKADDR_IN6=1 -DHAVE_STRUCT_SOCKADDR_STORAGE=1 -DHAVE_GETPWUID_R_5=1 -DHAVE_GETPWUID_R=1 -DHAVE_GETPWNAM_R_5=1 -DHAVE_GETPWNAM_R=1 -DHAVE_GETGRGID_R_5=1 -DHAVE_GETGRGID_R=1 -DHAVE_GETGRNAM_R_5=1 -DHAVE_GETGRNAM_R=1 -DHAVE_MTSAFE_GETHOSTBYNAME=1 -DHAVE_MTSAFE_GETHOSTBYADDR=1 -DHAVE_TERMIOS_H=1 -DHAVE_SYS_IOCTL_H=1 -DHAVE_SYS_TIME_H=1 -DTIME_WITH_SYS_TIME=1 -DHAVE_GMTIME_R=1 -DHAVE_LOCALTIME_R=1 -DHAVE_MKTIME=1 -DHAVE_TM_GMTOFF=1 -DHAVE_TIMEZONE_VAR=1 -DHAVE_STRUCT_STAT_ST_BLOCKS=1 -DHAVE_STRUCT_STAT_ST_BLKSIZE=1 -DHAVE_BLKCNT_T=1 -DHAVE_INTPTR_T=1 -DHAVE_UINTPTR_T=1 -DHAVE_SIGNED_CHAR=1 -DHAVE_LANGINFO=1 -DHAVE_CHFLAGS=1 -DHAVE_MKSTEMPS=1 -DHAVE_GETATTRLIST=1 -DHAVE_COPYFILE_H=1 -DHAVE_COPYFILE=1 -DHAVE_LIBKERN_OSATOMIC_H=1 -DHAVE_OSSPINLOCKLOCK=1 -DUSE_VFORK=1 -DTCL_DEFAULT_ENCODING=\"utf-8\" -DTCL_LOAD_FROM_MEMORY=1 -DTCL_WIDE_CLICKS=1 -DHAVE_AVAILABILITYMACROS_H=1 -DHAVE_WEAK_IMPORT=1 -D_DARWIN_C_SOURCE=1 -DHAVE_FTS=1 -DHAVE_SYS_IOCTL_H=1 -DHAVE_SYS_FILIO_H=1 -DTCL_UNLOAD_DLLS=1 -DUSE_DTRACE=1 -DHAVE_CPUID=1 -DTCL_FRAMEWORK=1 '
DLL_INSTALL_DIR='$(LIB_INSTALL_DIR)'
DLTEST_LD='${CC} -bundle -Wl,-w ${CFLAGS} ${LDFLAGS}'
DLTEST_SUFFIX='.bundle'
DL_LIBS=''
DL_OBJS='tclLoadDyld.o'
DTRACE='/usr/sbin/dtrace'
DTRACE_HDR='${DTRACE_HDR}'
DTRACE_OBJ=''
DTRACE_SRC='${DTRACE_SRC}'
ECHO_C='ECHO_N=''
ECHO_T=''
EGREP='grep -E'
EXEEXT=''
EXTRA_APP_CC_SWITCHES='-mdynamic-no-pic'
EXTRA_BUILD_HTML='@ln -fs contents.htm "$(HTML_INSTALL_DIR)"/TclTOC.html'
EXTRA_CC_SWITCHES='-DTCL_FRAMEWORK_VERSION=\"$(VERSION)\"'
EXTRA_INSTALL='install-private-headers html-tcl'
EXTRA_INSTALL_BINARIES='@echo "Installing Info.plist to $(LIB_INSTALL_DIR)/Resources/" && $(INSTALL_DATA_DIR) "$(LIB_INSTALL_DIR)/Resources" && $(INSTALL_DATA) Tcl-Info.plist "$(LIB_INSTALL_DIR)/Resources/Info.plist" && echo "Installing license.terms to $(LIB_INSTALL_DIR)/Resources/" && $(INSTALL_DATA) "$(TOP_DIR)/license.terms" "$(LIB_INSTALL_DIR)/Resources" && echo "Finalizing Tcl.framework" && rm -f "$(LIB_INSTALL_DIR)/../Current" && ln -s "$(VERSION)" "$(LIB_INSTALL_DIR)/../Current" && for f in "$(LIB_FILE)" tclConfig.sh Resources Headers PrivateHeaders; do rm -f "$(LIB_INSTALL_DIR)/../../$$f" && ln -s "Versions/Current/$$f" "$(LIB_INSTALL_DIR)/../.."; done && f="$(STUB_LIB_FILE)" && rm -f "$(LIB_INSTALL_DIR)/../../$$f" && ln -s "Versions/$(VERSION)/$$f" "$(LIB_INSTALL_DIR)/../.."'
EXTRA_TCLSH_LIBS='-sectcreate __TEXT __info_plist Tclsh-Info.plist'
HTML_DIR='/Library/Frameworks/Tcl.framework/Versions/${VERSION}/Resources/Documentation/Reference/Tcl'
INSTALL_LIB='$(INSTALL_LIBRARY) $(LIB_FILE) "$(LIB_INSTALL_DIR)/$(LIB_FILE)"'
INSTALL_STUB_LIB='$(INSTALL_LIBRARY) $(STUB_LIB_FILE) "$(LIB_INSTALL_DIR)/$(STUB_LIB_FILE)"'
INSTALL_TZDATA=''
LDAIX_SRC=''
LDFLAGS=' -prebind -headerpad_max_install_names -Wl,-search_paths_first '
LDFLAGS_DEBUG=''
LDFLAGS_DEFAULT='$(LDFLAGS_DEBUG)'
LDFLAGS_OPTIMIZE=''
LD_LIBRARY_PATH_VAR='DYLD_FRAMEWORK_PATH'
LD_SEARCH_FLAGS=''
LIBOBJS=''
LIBS='-lz  -lpthread -framework CoreFoundation'
MAKEFILE_SHELL='/bin/sh'
MAKE_LIB='${SHLIB_LD} -o $@ ${OBJS} ${SHLIB_LD_LIBS} ${TCL_SHLIB_LD_EXTRAS} ${TK_SHLIB_LD_EXTRAS} ${LD_SEARCH_FLAGS}'
MAKE_STUB_LIB='${STLIB_LD} $@ ${STUB_LIB_OBJS} ; ${RANLIB} $@'
MAN_FLAGS=''
OBJEXT='o'
PACKAGE_BUGREPORT=''
PACKAGE_DIR='/Library/Tcl'
PACKAGE_NAME='tcl'
PACKAGE_STRING='tcl 8.6'
PACKAGE_TARNAME='tcl'
PACKAGE_VERSION='8.6'
PATH_SEPARATOR=':'
PKG_CFG_ARGS=''-C' '--prefix=/usr/local' '--bindir=/usr/local/bin' '--libdir=/Library/Frameworks' '--mandir=/usr/local/man' '--enable-threads' '--enable-framework' '--enable-dtrace' '--enable-symbols'  --cache-file=../../config.cache'
PLAT_OBJS='${MAC_OSX_OBJS}'
PLAT_SRCS='${MAC_OSX_SRCS}'
PRIVATE_INCLUDE_DIR='/Library/Frameworks/Tcl.framework/Versions/${VERSION}/PrivateHeaders'
RANLIB='ranlib'
SHELL='/bin/sh'
SHLIB_CFLAGS='-fno-common'
SHLIB_LD='${CC} -dynamiclib ${CFLAGS} ${LDFLAGS} -Wl,-single_module'
SHLIB_LD_LIBS='${LIBS}'
SHLIB_SUFFIX='.dylib'
STLIB_LD='${AR} cr'
TCLSH_PROG='/usr/bin/tclsh8.5'
TCL_BUILD_LIB_SPEC='-F/Users/dominickhera/posaRepo/year3/cis2750/a3/src/build/tcl/Development -framework Tcl'
TCL_BUILD_STUB_LIB_PATH='/Users/dominickhera/posaRepo/year3/cis2750/a3/src/build/tcl/Development/libtclstub8.6.a'
TCL_BUILD_STUB_LIB_SPEC='-L/Users/dominickhera/posaRepo/year3/cis2750/a3/src/build/tcl/Development -ltclstub8.6'
TCL_HAS_LONGLONG=''
TCL_INCLUDE_SPEC='-I/Library/Frameworks/Tcl.framework/Versions/8.6/Headers'
TCL_LIBRARY='/Library/Frameworks/Tcl.framework/Versions/${VERSION}/Resources/Scripts'
TCL_LIBS=' -lz  -lpthread -framework CoreFoundation '
TCL_LIB_FILE='Tcl'
TCL_LIB_FLAG='-framework Tcl'
TCL_LIB_SPEC='-F/Library/Frameworks -framework Tcl'
TCL_LIB_VERSIONS_OK='ok'
TCL_MAJOR_VERSION='8'
TCL_MINOR_VERSION='6'
TCL_MODULE_PATH='~/Library/Tcl /Library/Tcl /System/Library/Tcl'
TCL_PACKAGE_PATH='~/Library/Tcl /Library/Tcl /System/Library/Tcl ~/Library/Frameworks /Library/Frameworks /System/Library/Frameworks'
TCL_PATCH_LEVEL='.7'
TCL_SHARED_BUILD='1'
TCL_SHARED_LIB_SUFFIX='${VERSION}${SHLIB_SUFFIX}'
TCL_SHLIB_LD_EXTRAS='-compatibility_version 8.6 -current_version 8.6.7 -install_name "${DYLIB_INSTALL_DIR}"/${TCL_LIB_FILE} -seg1addr 0xa000000 -sectcreate __TEXT __info_plist Tcl-Info.plist'
TCL_SRC_DIR='/Users/dominickhera/posaRepo/year3/cis2750/a3/src/tcl8.6.7'
TCL_STUB_LIB_FILE='libtclstub8.6.a'
TCL_STUB_LIB_FLAG='-ltclstub8.6'
TCL_STUB_LIB_PATH='/Library/Frameworks/Tcl.framework/Versions/8.6/libtclstub8.6.a'
TCL_STUB_LIB_SPEC='-L/Library/Frameworks/Tcl.framework/Versions/8.6 -ltclstub8.6'
TCL_THREADS='1'
TCL_UNSHARED_LIB_SUFFIX='${VERSION}.a'
TCL_VERSION='8.6'
TCL_YEAR='2017'
TK_SHLIB_LD_EXTRAS=''
ZLIB_INCLUDE=''
ZLIB_OBJS=''
ZLIB_SRCS=''
ac_ct_AR='ar'
ac_ct_CC='gcc'
ac_ct_RANLIB='ranlib'
bindir='/usr/local/bin'
build_alias=''
datadir='${prefix}/share'
exec_prefix='/usr/local'
host_alias=''
includedir='/Library/Frameworks/Tcl.framework/Versions/${VERSION}/Headers'
infodir='${prefix}/info'
libdir='/Library/Frameworks/Tcl.framework/Versions/${VERSION}'
libexecdir='${exec_prefix}/libexec'
localstatedir='${prefix}/var'
mandir='/usr/local/man'
oldincludedir='/usr/include'
prefix='/usr/local'
program_transform_name='s,x,x,'
sbindir='${exec_prefix}/sbin'
sharedstatedir='${prefix}/com'
sysconfdir='${prefix}/etc'
target_alias=''

## ----------- ##
## confdefs.h. ##
## ----------- ##

#define HAVE_AVAILABILITYMACROS_H 1
#define HAVE_BLKCNT_T 1
#define HAVE_CAST_TO_UNION 1
#define HAVE_CHFLAGS 1
#define HAVE_COPYFILE 1
#define HAVE_COPYFILE_H 1
#define HAVE_COREFOUNDATION 1
#define HAVE_CPUID 1
#define HAVE_FREEADDRINFO 1
#define HAVE_FTS 1
#define HAVE_GAI_STRERROR 1
#define HAVE_GETADDRINFO 1
#define HAVE_GETATTRLIST 1
#define HAVE_GETCWD 1
#define HAVE_GETGRGID_R 1
#define HAVE_GETGRGID_R_5 1
#define HAVE_GETGRNAM_R 1
#define HAVE_GETGRNAM_R_5 1
#define HAVE_GETNAMEINFO 1
#define HAVE_GETPWNAM_R 1
#define HAVE_GETPWNAM_R_5 1
#define HAVE_GETPWUID_R 1
#define HAVE_GETPWUID_R_5 1
#define HAVE_GMTIME_R 1
#define HAVE_HIDDEN 1
#define HAVE_INTPTR_T 1
#define HAVE_INTTYPES_H 1
#define HAVE_LANGINFO 1
#define HAVE_LIBKERN_OSATOMIC_H 1
#define HAVE_LOCALTIME_R 1
#define HAVE_MEMORY_H 1
#define HAVE_MKSTEMP 1
#define HAVE_MKSTEMPS 1
#define HAVE_MKTIME 1
#define HAVE_MTSAFE_GETHOSTBYADDR 1
#define HAVE_MTSAFE_GETHOSTBYNAME 1
#define HAVE_OPENDIR 1
#define HAVE_OSSPINLOCKLOCK 1
#define HAVE_PTHREAD_ATFORK 1
#define HAVE_PTHREAD_ATTR_SETSTACKSIZE 1
#define HAVE_SIGNED_CHAR 1
#define HAVE_STDINT_H 1
#define HAVE_STDLIB_H 1
#define HAVE_STRINGS_H 1
#define HAVE_STRING_H 1
#define HAVE_STRTOL 1
#define HAVE_STRUCT_ADDRINFO 1
#define HAVE_STRUCT_IN6_ADDR 1
#define HAVE_STRUCT_SOCKADDR_IN6 1
#define HAVE_STRUCT_SOCKADDR_STORAGE 1
#define HAVE_STRUCT_STAT_ST_BLKSIZE 1
#define HAVE_STRUCT_STAT_ST_BLOCKS 1
#define HAVE_SYS_FILIO_H 1
#define HAVE_SYS_IOCTL_H 1
#define HAVE_SYS_IOCTL_H 1
#define HAVE_SYS_PARAM_H 1
#define HAVE_SYS_STAT_H 1
#define HAVE_SYS_TIME_H 1
#define HAVE_SYS_TYPES_H 1
#define HAVE_TERMIOS_H 1
#define HAVE_TIMEZONE_VAR 1
#define HAVE_TM_GMTOFF 1
#define HAVE_UINTPTR_T 1
#define HAVE_UNISTD_H 1
#define HAVE_WAITPID 1
#define HAVE_WEAK_IMPORT 1
#define HAVE_ZLIB 1
#define MAC_OSX_TCL 1
#define MODULE_SCOPE extern __attribute__((__visibility__("hidden")))
#define MP_PREC 4
#define NO_VALUES_H 1
#define PACKAGE_BUGREPORT ""
#define PACKAGE_NAME "tcl"
#define PACKAGE_STRING "tcl 8.6"
#define PACKAGE_TARNAME "tcl"
#define PACKAGE_VERSION "8.6"
#define STDC_HEADERS 1
#define TCL_CFGVAL_ENCODING "iso8859-1"
#define TCL_DEFAULT_ENCODING "utf-8"
#define TCL_FRAMEWORK 1
#define TCL_LOAD_FROM_MEMORY 1
#define TCL_SHLIB_EXT ".dylib"
#define TCL_THREADS 1
#define TCL_TOMMATH 1
#define TCL_UNLOAD_DLLS 1
#define TCL_WIDE_CLICKS 1
#define TCL_WIDE_INT_IS_LONG 1
#define TIME_WITH_SYS_TIME 1
#define USE_DTRACE 1
#define USE_THREAD_ALLOC 1
#define USE_VFORK 1
#define _DARWIN_C_SOURCE 1
#define _REENTRANT 1
#define _THREAD_SAFE 1

configure: exit 0
