This file contains any messages produced by compilers while
running configure, to aid debugging if configure makes a mistake.

It was created by tk configure 8.6, which was
generated by GNU Autoconf 2.59.  Invocation command line was

  $ /Users/dominickhera/posaRepo/year3/cis2750/a3/src/tk8.6.7/macosx/../unix/configure -C --prefix=/usr/local --bindir=/usr/local/bin --libdir=/Library/Frameworks --mandir=/usr/local/man --enable-threads --enable-framework --with-tcl=/Users/dominickhera/posaRepo/year3/cis2750/a3/src/tk8.6.7/macosx/../../build/tcl/Deployment --enable-aqua

## --------- ##
## Platform. ##
## --------- ##

hostname = Dominicks-MacBook-Pro.local
uname -m = x86_64
uname -r = 17.2.0
uname -s = Darwin
uname -v = Darwin Kernel Version 17.2.0: Fri Sep 29 18:27:05 PDT 2017; root:xnu-4570.20.62~3/RELEASE_X86_64

/usr/bin/uname -p = i386
/bin/uname -X     = unknown

/bin/arch              = unknown
/usr/bin/arch -k       = unknown
/usr/convex/getsysinfo = unknown
hostinfo               = Mach kernel version:
	 Darwin Kernel Version 17.2.0: Fri Sep 29 18:27:05 PDT 2017; root:xnu-4570.20.62~3/RELEASE_X86_64
Kernel configured for up to 8 processors.
4 processors are physically available.
8 processors are logically available.
Processor type: i486 (Intel 80486)
Processors active: 0 1 2 3 4 5 6 7
Primary memory available: 8.00 gigabytes
Default processor set: 360 tasks, 1377 threads, 8 processors
Load average: 2.91, Mach factor: 5.07
/bin/machine           = unknown
/usr/bin/oslevel       = unknown
/bin/universe          = unknown

PATH: /opt/local/bin
PATH: /opt/local/sbin
PATH: /usr/bin
PATH: /bin
PATH: /usr/sbin
PATH: /sbin
PATH: /usr/local/bin
PATH: /opt/X11/bin


## ----------- ##
## Core tests. ##
## ----------- ##

configure:1246: creating cache config.cache
configure:1365: checking for Tcl configuration
configure:1470: result: found /Users/dominickhera/posaRepo/year3/cis2750/a3/src/build/tcl/Deployment/tclConfig.sh
configure:1476: checking for existence of /Users/dominickhera/posaRepo/year3/cis2750/a3/src/build/tcl/Deployment/tclConfig.sh
configure:1480: result: loading
configure:1561: checking for tclsh
configure:1585: result: /usr/bin/tclsh8.5
configure:1596: checking for tclsh in Tcl build directory
configure:1599: result: /Users/dominickhera/posaRepo/year3/cis2750/a3/src/build/tcl/Deployment/tclsh
configure:1623: checking whether to use symlinks for manpages
configure:1632: result: no
configure:1635: checking whether to compress the manpages
configure:1650: result: no
configure:1664: checking whether to add a package name suffix for the manpages
configure:1677: result: no
configure:1739: checking for gcc
configure:1755: found /usr/bin/gcc
configure:1765: result: gcc
configure:2009: checking for C compiler version
configure:2012: gcc --version </dev/null >&5
Configured with: --prefix=/Applications/Xcode.app/Contents/Developer/usr --with-gxx-include-dir=/usr/include/c++/4.2.1
Apple LLVM version 9.0.0 (clang-900.0.38)
Target: x86_64-apple-darwin17.2.0
Thread model: posix
InstalledDir: /Applications/Xcode.app/Contents/Developer/Toolchains/XcodeDefault.xctoolchain/usr/bin
configure:2015: $? = 0
configure:2017: gcc -v </dev/null >&5
Configured with: --prefix=/Applications/Xcode.app/Contents/Developer/usr --with-gxx-include-dir=/usr/include/c++/4.2.1
Apple LLVM version 9.0.0 (clang-900.0.38)
Target: x86_64-apple-darwin17.2.0
Thread model: posix
InstalledDir: /Applications/Xcode.app/Contents/Developer/Toolchains/XcodeDefault.xctoolchain/usr/bin
configure:2020: $? = 0
configure:2022: gcc -V </dev/null >&5
clang: error: argument to '-V' is missing (expected 1 value)
clang: error: no input files
configure:2025: $? = 1
configure:2048: checking for C compiler default output file name
configure:2051: gcc    conftest.c  >&5
configure:2054: $? = 0
configure:2100: result: a.out
configure:2105: checking whether the C compiler works
configure:2111: ./a.out
configure:2114: $? = 0
configure:2131: result: yes
configure:2138: checking whether we are cross compiling
configure:2140: result: no
configure:2143: checking for suffix of executables
configure:2145: gcc -o conftest    conftest.c  >&5
configure:2148: $? = 0
configure:2173: result: 
configure:2179: checking for suffix of object files
configure:2200: gcc -c   conftest.c >&5
configure:2203: $? = 0
configure:2225: result: o
configure:2229: checking whether we are using the GNU C compiler
configure:2253: gcc -c   conftest.c >&5
configure:2259: $? = 0
configure:2263: test -z 
			 || test ! -s conftest.err
configure:2266: $? = 0
configure:2269: test -s conftest.o
configure:2272: $? = 0
configure:2285: result: yes
configure:2291: checking whether gcc accepts -g
configure:2312: gcc -c -g  conftest.c >&5
configure:2318: $? = 0
configure:2322: test -z 
			 || test ! -s conftest.err
configure:2325: $? = 0
configure:2328: test -s conftest.o
configure:2331: $? = 0
configure:2342: result: yes
configure:2359: checking for gcc option to accept ANSI C
configure:2429: gcc  -c   conftest.c >&5
configure:2435: $? = 0
configure:2439: test -z 
			 || test ! -s conftest.err
configure:2442: $? = 0
configure:2445: test -s conftest.o
configure:2448: $? = 0
configure:2466: result: none needed
configure:2484: gcc -c   conftest.c >&5
conftest.c:2:3: error: unknown type name 'choke'
  choke me
  ^
conftest.c:2:11: error: expected ';' after top level declarator
  choke me
          ^
          ;
2 errors generated.
configure:2490: $? = 1
configure: failed program was:
| #ifndef __cplusplus
|   choke me
| #endif
configure:2624: checking for inline
configure:2645: gcc -c   conftest.c >&5
configure:2651: $? = 0
configure:2655: test -z 
			 || test ! -s conftest.err
configure:2658: $? = 0
configure:2661: test -s conftest.o
configure:2664: $? = 0
configure:2676: result: inline
configure:2706: checking how to run the C preprocessor
configure:2741: gcc -E  conftest.c
configure:2747: $? = 0
configure:2779: gcc -E  conftest.c
conftest.c:9:10: fatal error: 'ac_nonexistent.h' file not found
#include <ac_nonexistent.h>
         ^~~~~~~~~~~~~~~~~~
1 error generated.
configure:2785: $? = 1
configure: failed program was:
| /* confdefs.h.  */
| 
| #define PACKAGE_NAME "tk"
| #define PACKAGE_TARNAME "tk"
| #define PACKAGE_VERSION "8.6"
| #define PACKAGE_STRING "tk 8.6"
| #define PACKAGE_BUGREPORT ""
| /* end confdefs.h.  */
| #include <ac_nonexistent.h>
configure:2824: result: gcc -E
configure:2848: gcc -E  conftest.c
configure:2854: $? = 0
configure:2886: gcc -E  conftest.c
conftest.c:9:10: fatal error: 'ac_nonexistent.h' file not found
#include <ac_nonexistent.h>
         ^~~~~~~~~~~~~~~~~~
1 error generated.
configure:2892: $? = 1
configure: failed program was:
| /* confdefs.h.  */
| 
| #define PACKAGE_NAME "tk"
| #define PACKAGE_TARNAME "tk"
| #define PACKAGE_VERSION "8.6"
| #define PACKAGE_STRING "tk 8.6"
| #define PACKAGE_BUGREPORT ""
| /* end confdefs.h.  */
| #include <ac_nonexistent.h>
configure:2936: checking for egrep
configure:2946: result: grep -E
configure:2951: checking for ANSI C header files
configure:2976: gcc -c   conftest.c >&5
configure:2982: $? = 0
configure:2986: test -z 
			 || test ! -s conftest.err
configure:2989: $? = 0
configure:2992: test -s conftest.o
configure:2995: $? = 0
configure:3084: gcc -o conftest    conftest.c  >&5
conftest.c:26:7: warning: implicitly declaring library function 'exit' with type 'void (int) __attribute__((noreturn))' [-Wimplicit-function-declaration]
      exit(2);
      ^
conftest.c:26:7: note: include the header <stdlib.h> or explicitly provide a declaration for 'exit'
1 warning generated.
configure:3087: $? = 0
configure:3089: ./conftest
configure:3092: $? = 0
configure:3107: result: yes
configure:3131: checking for sys/types.h
configure:3147: gcc -c   conftest.c >&5
configure:3153: $? = 0
configure:3157: test -z 
			 || test ! -s conftest.err
configure:3160: $? = 0
configure:3163: test -s conftest.o
configure:3166: $? = 0
configure:3177: result: yes
configure:3131: checking for sys/stat.h
configure:3147: gcc -c   conftest.c >&5
configure:3153: $? = 0
configure:3157: test -z 
			 || test ! -s conftest.err
configure:3160: $? = 0
configure:3163: test -s conftest.o
configure:3166: $? = 0
configure:3177: result: yes
configure:3131: checking for stdlib.h
configure:3147: gcc -c   conftest.c >&5
configure:3153: $? = 0
configure:3157: test -z 
			 || test ! -s conftest.err
configure:3160: $? = 0
configure:3163: test -s conftest.o
configure:3166: $? = 0
configure:3177: result: yes
configure:3131: checking for string.h
configure:3147: gcc -c   conftest.c >&5
configure:3153: $? = 0
configure:3157: test -z 
			 || test ! -s conftest.err
configure:3160: $? = 0
configure:3163: test -s conftest.o
configure:3166: $? = 0
configure:3177: result: yes
configure:3131: checking for memory.h
configure:3147: gcc -c   conftest.c >&5
configure:3153: $? = 0
configure:3157: test -z 
			 || test ! -s conftest.err
configure:3160: $? = 0
configure:3163: test -s conftest.o
configure:3166: $? = 0
configure:3177: result: yes
configure:3131: checking for strings.h
configure:3147: gcc -c   conftest.c >&5
configure:3153: $? = 0
configure:3157: test -z 
			 || test ! -s conftest.err
configure:3160: $? = 0
configure:3163: test -s conftest.o
configure:3166: $? = 0
configure:3177: result: yes
configure:3131: checking for inttypes.h
configure:3147: gcc -c   conftest.c >&5
configure:3153: $? = 0
configure:3157: test -z 
			 || test ! -s conftest.err
configure:3160: $? = 0
configure:3163: test -s conftest.o
configure:3166: $? = 0
configure:3177: result: yes
configure:3131: checking for stdint.h
configure:3147: gcc -c   conftest.c >&5
configure:3153: $? = 0
configure:3157: test -z 
			 || test ! -s conftest.err
configure:3160: $? = 0
configure:3163: test -s conftest.o
configure:3166: $? = 0
configure:3177: result: yes
configure:3131: checking for unistd.h
configure:3147: gcc -c   conftest.c >&5
configure:3153: $? = 0
configure:3157: test -z 
			 || test ! -s conftest.err
configure:3160: $? = 0
configure:3163: test -s conftest.o
configure:3166: $? = 0
configure:3177: result: yes
configure:3190: checking for stdlib.h
configure:3195: result: yes
configure:3398: checking if the compiler understands -pipe
configure:3421: gcc -c  -pipe  conftest.c >&5
configure:3427: $? = 0
configure:3431: test -z 
			 || test ! -s conftest.err
configure:3434: $? = 0
configure:3437: test -s conftest.o
configure:3440: $? = 0
configure:3452: result: yes
configure:3502: checking for pthread_mutex_init in -lpthread
configure:3532: gcc -o conftest  -pipe   conftest.c -lpthread   >&5
configure:3538: $? = 0
configure:3542: test -z 
			 || test ! -s conftest.err
configure:3545: $? = 0
configure:3548: test -s conftest
configure:3551: $? = 0
configure:3564: result: yes
configure:3891: checking for pthread_attr_setstacksize
configure:3948: gcc -o conftest  -pipe   conftest.c   -lpthread >&5
configure:3954: $? = 0
configure:3958: test -z 
			 || test ! -s conftest.err
configure:3961: $? = 0
configure:3964: test -s conftest
configure:3967: $? = 0
configure:3979: result: yes
configure:3891: checking for pthread_atfork
configure:3948: gcc -o conftest  -pipe   conftest.c   -lpthread >&5
configure:3954: $? = 0
configure:3958: test -z 
			 || test ! -s conftest.err
configure:3961: $? = 0
configure:3964: test -s conftest
configure:3967: $? = 0
configure:3979: result: yes
configure:3994: checking for building with threads
configure:4003: result: yes (threaded core)
configure:4021: checking how to build libraries
configure:4039: result: shared
configure:4101: checking for ranlib
configure:4117: found /usr/bin/ranlib
configure:4128: result: ranlib
configure:4144: checking if 64bit support is requested
configure:4153: result: no
configure:4158: checking if 64bit Sparc VIS support is requested
configure:4167: result: no
configure:4178: checking if compiler supports visibility "hidden"
configure:4203: gcc -o conftest  -pipe -Werror   conftest.c  -lpthread >&5
configure:4209: $? = 0
configure:4213: test -z 
			 || test ! -s conftest.err
configure:4216: $? = 0
configure:4219: test -s conftest
configure:4222: $? = 0
configure:4235: result: yes
configure:4255: checking if rpath support is requested
configure:4264: result: yes
configure:4271: checking system version
configure:4299: result: Darwin-17.2.0
configure:4307: checking for dlopen in -ldl
configure:4337: gcc -o conftest  -pipe   conftest.c -ldl   -lpthread >&5
configure:4343: $? = 0
configure:4347: test -z 
			 || test ! -s conftest.err
configure:4350: $? = 0
configure:4353: test -s conftest
configure:4356: $? = 0
configure:4369: result: yes
configure:4450: checking for ar
configure:4466: found /usr/bin/ar
configure:4476: result: ar
configure:5616: checking if ld accepts -single_module flag
configure:5640: gcc -o conftest -pipe     -dynamiclib -Wl,-single_module conftest.c  -lpthread >&5
configure:5646: $? = 0
configure:5650: test -z 
			 || test ! -s conftest.err
configure:5653: $? = 0
configure:5656: test -s conftest
configure:5659: $? = 0
configure:5672: result: yes
configure:5691: checking if ld accepts -search_paths_first flag
configure:5715: gcc -o conftest -pipe     -prebind -headerpad_max_install_names -Wl,-search_paths_first conftest.c  -lpthread >&5
configure:5721: $? = 0
configure:5725: test -z 
			 || test ! -s conftest.err
configure:5728: $? = 0
configure:5731: test -s conftest
configure:5734: $? = 0
configure:5747: result: yes
configure:5775: checking whether to use CoreFoundation
configure:5784: result: yes
configure:5788: checking for CoreFoundation.framework
configure:5823: gcc -o conftest -pipe     -prebind -headerpad_max_install_names -Wl,-search_paths_first conftest.c  -lpthread -framework CoreFoundation >&5
configure:5829: $? = 0
configure:5833: test -z 
			 || test ! -s conftest.err
configure:5836: $? = 0
configure:5839: test -s conftest
configure:5842: $? = 0
configure:5862: result: yes
configure:6719: checking for cast to union support
configure:6743: gcc -c -pipe    conftest.c >&5
configure:6749: $? = 0
configure:6753: test -z 
			 || test ! -s conftest.err
configure:6756: $? = 0
configure:6759: test -s conftest.o
configure:6762: $? = 0
configure:6774: result: yes
configure:6826: checking for build with symbols
configure:6845: result: no
configure:6889: checking for required early compiler flags
configure:6912: gcc -c -pipe    conftest.c >&5
configure:6918: $? = 0
configure:6922: test -z 
			 || test ! -s conftest.err
configure:6925: $? = 0
configure:6928: test -s conftest.o
configure:6931: $? = 0
configure:7017: gcc -c -pipe    conftest.c >&5
conftest.c:37:28: warning: 'stat64' is deprecated: first deprecated in macOS 10.6 [-Wdeprecated-declarations]
struct stat64 buf; int i = stat64("/", &buf);
                           ^
/usr/include/sys/stat.h:402:5: note: 'stat64' has been explicitly marked deprecated here
int     stat64(const char *, struct stat64 *) __OSX_AVAILABLE_BUT_DEPRECATED(__MAC_10_5,__MAC_10_6,__IPHONE_NA,__IPHONE_NA);
        ^
1 warning generated.
configure:7023: $? = 0
configure:7027: test -z 
			 || test ! -s conftest.err
configure:7030: $? = 0
configure:7033: test -s conftest.o
configure:7036: $? = 0
configure:7122: gcc -c -pipe    conftest.c >&5
conftest.c:37:19: error: use of undeclared identifier 'open64'
char *p = (char *)open64;
                  ^
1 error generated.
configure:7128: $? = 1
configure: failed program was:
| /* confdefs.h.  */
| 
| #define PACKAGE_NAME "tk"
| #define PACKAGE_TARNAME "tk"
| #define PACKAGE_VERSION "8.6"
| #define PACKAGE_STRING "tk 8.6"
| #define PACKAGE_BUGREPORT ""
| #define STDC_HEADERS 1
| #define HAVE_SYS_TYPES_H 1
| #define HAVE_SYS_STAT_H 1
| #define HAVE_STDLIB_H 1
| #define HAVE_STRING_H 1
| #define HAVE_MEMORY_H 1
| #define HAVE_STRINGS_H 1
| #define HAVE_INTTYPES_H 1
| #define HAVE_STDINT_H 1
| #define HAVE_UNISTD_H 1
| #define USE_THREAD_ALLOC 1
| #define _REENTRANT 1
| #define _THREAD_SAFE 1
| #define HAVE_PTHREAD_ATTR_SETSTACKSIZE 1
| #define HAVE_PTHREAD_ATFORK 1
| #define TCL_THREADS 1
| #define MODULE_SCOPE extern __attribute__((__visibility__("hidden")))
| #define HAVE_HIDDEN 1
| #define MAC_OSX_TCL 1
| #define HAVE_COREFOUNDATION 1
| #define HAVE_CAST_TO_UNION 1
| #define TCL_SHLIB_EXT ".dylib"
| #define NDEBUG 1
| #define TCL_CFG_OPTIMIZED 1
| /* end confdefs.h.  */
| #include <sys/stat.h>
| int
| main ()
| {
| char *p = (char *)open64;
|   ;
|   return 0;
| }
configure:7165: gcc -c -pipe    conftest.c >&5
conftest.c:38:19: error: use of undeclared identifier 'open64'
char *p = (char *)open64;
                  ^
1 error generated.
configure:7171: $? = 1
configure: failed program was:
| /* confdefs.h.  */
| 
| #define PACKAGE_NAME "tk"
| #define PACKAGE_TARNAME "tk"
| #define PACKAGE_VERSION "8.6"
| #define PACKAGE_STRING "tk 8.6"
| #define PACKAGE_BUGREPORT ""
| #define STDC_HEADERS 1
| #define HAVE_SYS_TYPES_H 1
| #define HAVE_SYS_STAT_H 1
| #define HAVE_STDLIB_H 1
| #define HAVE_STRING_H 1
| #define HAVE_MEMORY_H 1
| #define HAVE_STRINGS_H 1
| #define HAVE_INTTYPES_H 1
| #define HAVE_STDINT_H 1
| #define HAVE_UNISTD_H 1
| #define USE_THREAD_ALLOC 1
| #define _REENTRANT 1
| #define _THREAD_SAFE 1
| #define HAVE_PTHREAD_ATTR_SETSTACKSIZE 1
| #define HAVE_PTHREAD_ATFORK 1
| #define TCL_THREADS 1
| #define MODULE_SCOPE extern __attribute__((__visibility__("hidden")))
| #define HAVE_HIDDEN 1
| #define MAC_OSX_TCL 1
| #define HAVE_COREFOUNDATION 1
| #define HAVE_CAST_TO_UNION 1
| #define TCL_SHLIB_EXT ".dylib"
| #define NDEBUG 1
| #define TCL_CFG_OPTIMIZED 1
| /* end confdefs.h.  */
| #define _LARGEFILE_SOURCE64 1
| #include <sys/stat.h>
| int
| main ()
| {
| char *p = (char *)open64;
|   ;
|   return 0;
| }
configure:7208: result: none
configure:7217: checking for 64-bit integer type
configure:7241: gcc -c -pipe    conftest.c >&5
conftest.c:37:1: error: use of undeclared identifier '__int64'
__int64 value = (__int64) 0;
^
1 error generated.
configure:7247: $? = 1
configure: failed program was:
| /* confdefs.h.  */
| 
| #define PACKAGE_NAME "tk"
| #define PACKAGE_TARNAME "tk"
| #define PACKAGE_VERSION "8.6"
| #define PACKAGE_STRING "tk 8.6"
| #define PACKAGE_BUGREPORT ""
| #define STDC_HEADERS 1
| #define HAVE_SYS_TYPES_H 1
| #define HAVE_SYS_STAT_H 1
| #define HAVE_STDLIB_H 1
| #define HAVE_STRING_H 1
| #define HAVE_MEMORY_H 1
| #define HAVE_STRINGS_H 1
| #define HAVE_INTTYPES_H 1
| #define HAVE_STDINT_H 1
| #define HAVE_UNISTD_H 1
| #define USE_THREAD_ALLOC 1
| #define _REENTRANT 1
| #define _THREAD_SAFE 1
| #define HAVE_PTHREAD_ATTR_SETSTACKSIZE 1
| #define HAVE_PTHREAD_ATFORK 1
| #define TCL_THREADS 1
| #define MODULE_SCOPE extern __attribute__((__visibility__("hidden")))
| #define HAVE_HIDDEN 1
| #define MAC_OSX_TCL 1
| #define HAVE_COREFOUNDATION 1
| #define HAVE_CAST_TO_UNION 1
| #define TCL_SHLIB_EXT ".dylib"
| #define NDEBUG 1
| #define TCL_CFG_OPTIMIZED 1
| /* end confdefs.h.  */
| 
| int
| main ()
| {
| __int64 value = (__int64) 0;
|   ;
|   return 0;
| }
configure:7291: gcc -c -pipe    conftest.c >&5
conftest.c:38:26: error: duplicate case value '1'
            case 1: case (sizeof(long long)==sizeof(long)): ;
                         ^
conftest.c:38:18: note: previous case defined here
            case 1: case (sizeof(long long)==sizeof(long)): ;
                 ^
1 error generated.
configure:7297: $? = 1
configure: failed program was:
| /* confdefs.h.  */
| 
| #define PACKAGE_NAME "tk"
| #define PACKAGE_TARNAME "tk"
| #define PACKAGE_VERSION "8.6"
| #define PACKAGE_STRING "tk 8.6"
| #define PACKAGE_BUGREPORT ""
| #define STDC_HEADERS 1
| #define HAVE_SYS_TYPES_H 1
| #define HAVE_SYS_STAT_H 1
| #define HAVE_STDLIB_H 1
| #define HAVE_STRING_H 1
| #define HAVE_MEMORY_H 1
| #define HAVE_STRINGS_H 1
| #define HAVE_INTTYPES_H 1
| #define HAVE_STDINT_H 1
| #define HAVE_UNISTD_H 1
| #define USE_THREAD_ALLOC 1
| #define _REENTRANT 1
| #define _THREAD_SAFE 1
| #define HAVE_PTHREAD_ATTR_SETSTACKSIZE 1
| #define HAVE_PTHREAD_ATFORK 1
| #define TCL_THREADS 1
| #define MODULE_SCOPE extern __attribute__((__visibility__("hidden")))
| #define HAVE_HIDDEN 1
| #define MAC_OSX_TCL 1
| #define HAVE_COREFOUNDATION 1
| #define HAVE_CAST_TO_UNION 1
| #define TCL_SHLIB_EXT ".dylib"
| #define NDEBUG 1
| #define TCL_CFG_OPTIMIZED 1
| /* end confdefs.h.  */
| 
| int
| main ()
| {
| switch (0) {
|             case 1: case (sizeof(long long)==sizeof(long)): ;
|         }
|   ;
|   return 0;
| }
configure:7327: result: using long
configure:7643: checking whether byte ordering is bigendian
configure:7670: gcc -c -pipe    conftest.c >&5
configure:7676: $? = 0
configure:7680: test -z 
			 || test ! -s conftest.err
configure:7683: $? = 0
configure:7686: test -s conftest.o
configure:7689: $? = 0
configure:7713: gcc -c -pipe    conftest.c >&5
conftest.c:41:2: error: use of undeclared identifier 'not'
 not big endian
 ^
1 error generated.
configure:7719: $? = 1
configure: failed program was:
| /* confdefs.h.  */
| 
| #define PACKAGE_NAME "tk"
| #define PACKAGE_TARNAME "tk"
| #define PACKAGE_VERSION "8.6"
| #define PACKAGE_STRING "tk 8.6"
| #define PACKAGE_BUGREPORT ""
| #define STDC_HEADERS 1
| #define HAVE_SYS_TYPES_H 1
| #define HAVE_SYS_STAT_H 1
| #define HAVE_STDLIB_H 1
| #define HAVE_STRING_H 1
| #define HAVE_MEMORY_H 1
| #define HAVE_STRINGS_H 1
| #define HAVE_INTTYPES_H 1
| #define HAVE_STDINT_H 1
| #define HAVE_UNISTD_H 1
| #define USE_THREAD_ALLOC 1
| #define _REENTRANT 1
| #define _THREAD_SAFE 1
| #define HAVE_PTHREAD_ATTR_SETSTACKSIZE 1
| #define HAVE_PTHREAD_ATFORK 1
| #define TCL_THREADS 1
| #define MODULE_SCOPE extern __attribute__((__visibility__("hidden")))
| #define HAVE_HIDDEN 1
| #define MAC_OSX_TCL 1
| #define HAVE_COREFOUNDATION 1
| #define HAVE_CAST_TO_UNION 1
| #define TCL_SHLIB_EXT ".dylib"
| #define NDEBUG 1
| #define TCL_CFG_OPTIMIZED 1
| #define TCL_WIDE_INT_IS_LONG 1
| /* end confdefs.h.  */
| #include <sys/types.h>
| #include <sys/param.h>
| 
| int
| main ()
| {
| #if BYTE_ORDER != BIG_ENDIAN
|  not big endian
| #endif
| 
|   ;
|   return 0;
| }
configure:7854: result: no
configure:7904: checking for fd_set in sys/types
configure:7926: gcc -c -pipe    conftest.c >&5
configure:7932: $? = 0
configure:7936: test -z 
			 || test ! -s conftest.err
configure:7939: $? = 0
configure:7942: test -s conftest.o
configure:7945: $? = 0
configure:7956: result: yes
configure:8021: checking sys/time.h usability
configure:8033: gcc -c -pipe    conftest.c >&5
configure:8039: $? = 0
configure:8043: test -z 
			 || test ! -s conftest.err
configure:8046: $? = 0
configure:8049: test -s conftest.o
configure:8052: $? = 0
configure:8062: result: yes
configure:8066: checking sys/time.h presence
configure:8076: gcc -E   conftest.c
configure:8082: $? = 0
configure:8102: result: yes
configure:8137: checking for sys/time.h
configure:8144: result: yes
configure:8157: checking whether time.h and sys/time.h may both be included
configure:8182: gcc -c -pipe    conftest.c >&5
configure:8188: $? = 0
configure:8192: test -z 
			 || test ! -s conftest.err
configure:8195: $? = 0
configure:8198: test -s conftest.o
configure:8201: $? = 0
configure:8212: result: yes
configure:8231: checking for strtod
configure:8288: gcc -o conftest -pipe     -prebind -headerpad_max_install_names -Wl,-search_paths_first  conftest.c  -lpthread -framework CoreFoundation >&5
configure:8294: $? = 0
configure:8298: test -z 
			 || test ! -s conftest.err
configure:8301: $? = 0
configure:8304: test -s conftest
configure:8307: $? = 0
configure:8319: result: yes
configure:8328: checking for Solaris2.4/Tru64 strtod bugs
configure:8365: gcc -o conftest -pipe     -prebind -headerpad_max_install_names -Wl,-search_paths_first  conftest.c  -lpthread -framework CoreFoundation >&5
conftest.c:44:4: warning: implicitly declaring library function 'exit' with type 'void (int) __attribute__((noreturn))' [-Wimplicit-function-declaration]
                        exit(1);
                        ^
conftest.c:44:4: note: include the header <stdlib.h> or explicitly provide a declaration for 'exit'
1 warning generated.
configure:8368: $? = 0
configure:8370: ./conftest
configure:8373: $? = 0
configure:8387: result: ok
configure:8413: checking for mode_t
configure:8437: gcc -c -pipe    conftest.c >&5
configure:8443: $? = 0
configure:8447: test -z 
			 || test ! -s conftest.err
configure:8450: $? = 0
configure:8453: test -s conftest.o
configure:8456: $? = 0
configure:8467: result: yes
configure:8479: checking for pid_t
configure:8503: gcc -c -pipe    conftest.c >&5
configure:8509: $? = 0
configure:8513: test -z 
			 || test ! -s conftest.err
configure:8516: $? = 0
configure:8519: test -s conftest.o
configure:8522: $? = 0
configure:8533: result: yes
configure:8545: checking for size_t
configure:8569: gcc -c -pipe    conftest.c >&5
configure:8575: $? = 0
configure:8579: test -z 
			 || test ! -s conftest.err
configure:8582: $? = 0
configure:8585: test -s conftest.o
configure:8588: $? = 0
configure:8599: result: yes
configure:8611: checking for uid_t in sys/types.h
configure:8634: result: yes
configure:8650: checking for intptr_t
configure:8674: gcc -c -pipe    conftest.c >&5
configure:8680: $? = 0
configure:8684: test -z 
			 || test ! -s conftest.err
configure:8687: $? = 0
configure:8690: test -s conftest.o
configure:8693: $? = 0
configure:8704: result: yes
configure:8785: checking for uintptr_t
configure:8809: gcc -c -pipe    conftest.c >&5
configure:8815: $? = 0
configure:8819: test -z 
			 || test ! -s conftest.err
configure:8822: $? = 0
configure:8825: test -s conftest.o
configure:8828: $? = 0
configure:8839: result: yes
configure:8926: checking pw_gecos in struct pwd
configure:8948: gcc -c -pipe    conftest.c >&5
conftest.c:42:24: warning: expression result unused [-Wunused-value]
struct passwd pwd; pwd.pw_gecos;
                   ~~~ ^~~~~~~~
1 warning generated.
configure:8954: $? = 0
configure:8958: test -z 
			 || test ! -s conftest.err
configure:8961: $? = 0
configure:8964: test -s conftest.o
configure:8967: $? = 0
configure:8978: result: yes
configure:8993: checking whether to use Aqua
configure:9020: result: yes
configure:9173: checking AvailabilityMacros.h usability
configure:9185: gcc -c -pipe    conftest.c >&5
configure:9191: $? = 0
configure:9195: test -z 
			 || test ! -s conftest.err
configure:9198: $? = 0
configure:9201: test -s conftest.o
configure:9204: $? = 0
configure:9214: result: yes
configure:9218: checking AvailabilityMacros.h presence
configure:9228: gcc -E   conftest.c
configure:9234: $? = 0
configure:9254: result: yes
configure:9289: checking for AvailabilityMacros.h
configure:9296: result: yes
configure:9310: checking if weak import is available
configure:9342: gcc -o conftest -pipe  -Werror    -prebind -headerpad_max_install_names -Wl,-search_paths_first  conftest.c  -lpthread -framework CoreFoundation >&5
configure:9348: $? = 0
configure:9352: test -z 
			 || test ! -s conftest.err
configure:9355: $? = 0
configure:9358: test -s conftest
configure:9361: $? = 0
configure:9374: result: yes
configure:9383: checking if Darwin SUSv3 extensions are available
configure:9416: gcc -c -pipe  -Werror   conftest.c >&5
configure:9422: $? = 0
configure:9426: test -z 
			 || test ! -s conftest.err
configure:9429: $? = 0
configure:9432: test -s conftest.o
configure:9435: $? = 0
configure:9447: result: yes
configure:10978: checking whether char is unsigned
configure:11001: gcc -c -pipe    conftest.c >&5
configure:11007: $? = 0
configure:11011: test -z 
			 || test ! -s conftest.err
configure:11014: $? = 0
configure:11017: test -s conftest.o
configure:11020: $? = 0
configure:11031: result: no
configure:11075: checking how to package libraries
configure:11097: result: framework
configure:11399: creating ./config.status

## ---------------------- ##
## Running config.status. ##
## ---------------------- ##

This file was extended by tk config.status 8.6, which was
generated by GNU Autoconf 2.59.  Invocation command line was

  CONFIG_FILES    = 
  CONFIG_HEADERS  = 
  CONFIG_LINKS    = 
  CONFIG_COMMANDS = 
  $ ./config.status 

on Dominicks-MacBook-Pro.local

config.status:739: creating Tk-Info.plist
config.status:739: creating Wish-Info.plist
config.status:739: creating Makefile
config.status:739: creating tkConfig.sh
config.status:739: creating tk.pc
config.status:914: executing Tk.framework commands

## ---------------- ##
## Cache variables. ##
## ---------------- ##

ac_cv_c_bigendian=no
ac_cv_c_char_unsigned=no
ac_cv_c_compiler_gnu=yes
ac_cv_c_inline=inline
ac_cv_c_tclconfig=/Users/dominickhera/posaRepo/year3/cis2750/a3/src/build/tcl/Deployment
ac_cv_env_CC_set=
ac_cv_env_CC_value=
ac_cv_env_CFLAGS_set=
ac_cv_env_CFLAGS_value=
ac_cv_env_CPPFLAGS_set=
ac_cv_env_CPPFLAGS_value=
ac_cv_env_CPP_set=
ac_cv_env_CPP_value=
ac_cv_env_LDFLAGS_set=
ac_cv_env_LDFLAGS_value=
ac_cv_env_build_alias_set=
ac_cv_env_build_alias_value=
ac_cv_env_host_alias_set=
ac_cv_env_host_alias_value=
ac_cv_env_target_alias_set=
ac_cv_env_target_alias_value=
ac_cv_exeext=
ac_cv_func_pthread_atfork=yes
ac_cv_func_pthread_attr_setstacksize=yes
ac_cv_func_strtod=yes
ac_cv_header_AvailabilityMacros_h=yes
ac_cv_header_inttypes_h=yes
ac_cv_header_memory_h=yes
ac_cv_header_stdc=yes
ac_cv_header_stdint_h=yes
ac_cv_header_stdlib_h=yes
ac_cv_header_string_h=yes
ac_cv_header_strings_h=yes
ac_cv_header_sys_stat_h=yes
ac_cv_header_sys_time_h=yes
ac_cv_header_sys_types_h=yes
ac_cv_header_time=yes
ac_cv_header_unistd_h=yes
ac_cv_lib_dl_dlopen=yes
ac_cv_lib_pthread_pthread_mutex_init=yes
ac_cv_objext=o
ac_cv_path_tclsh=/usr/bin/tclsh8.5
ac_cv_prog_CPP='gcc -E'
ac_cv_prog_ac_ct_AR=ar
ac_cv_prog_ac_ct_CC=gcc
ac_cv_prog_ac_ct_RANLIB=ranlib
ac_cv_prog_cc_g=yes
ac_cv_prog_cc_stdc=
ac_cv_prog_egrep='grep -E'
ac_cv_type_intptr_t=yes
ac_cv_type_mode_t=yes
ac_cv_type_pid_t=yes
ac_cv_type_size_t=yes
ac_cv_type_uid_t=yes
ac_cv_type_uintptr_t=yes
tcl_cv_cast_to_union=yes
tcl_cv_cc_darwin_c_source=yes
tcl_cv_cc_pipe=yes
tcl_cv_cc_visibility_hidden=yes
tcl_cv_cc_weak_import=yes
tcl_cv_flag__isoc99_source=no
tcl_cv_flag__largefile64_source=no
tcl_cv_flag__largefile_source64=no
tcl_cv_ld_search_paths_first=yes
tcl_cv_ld_single_module=yes
tcl_cv_lib_corefoundation=yes
tcl_cv_pwd_pw_gecos=yes
tcl_cv_strtod_buggy=ok
tcl_cv_sys_version=Darwin-17.2.0
tcl_cv_type_64bit=none
tcl_cv_type_fd_set=yes

## ----------------- ##
## Output variables. ##
## ----------------- ##

APP_RSRC_FILE=''
AR='ar'
BUILD_TCLSH='/Users/dominickhera/posaRepo/year3/cis2750/a3/src/build/tcl/Deployment/tclsh'
CC='gcc'
CC_SEARCH_FLAGS=''
CFBUNDLELOCALIZATIONS='<string>cs</string><string>da</string><string>de</string><string>el</string><string>en</string><string>en_gb</string><string>eo</string><string>es</string><string>fr</string><string>hu</string><string>it</string><string>nl</string><string>pl</string><string>pt</string><string>ru</string><string>sv</string>'
CFLAGS='-pipe   '
CFLAGS_DEBUG='-g'
CFLAGS_DEFAULT='$(CFLAGS_OPTIMIZE)'
CFLAGS_OPTIMIZE='-Os'
CFLAGS_WARNING='-Wall'
CPP='gcc -E'
CPPFLAGS=''
DEFS='-DPACKAGE_NAME=\"tk\" -DPACKAGE_TARNAME=\"tk\" -DPACKAGE_VERSION=\"8.6\" -DPACKAGE_STRING=\"tk\ 8.6\" -DPACKAGE_BUGREPORT=\"\" -DSTDC_HEADERS=1 -DHAVE_SYS_TYPES_H=1 -DHAVE_SYS_STAT_H=1 -DHAVE_STDLIB_H=1 -DHAVE_STRING_H=1 -DHAVE_MEMORY_H=1 -DHAVE_STRINGS_H=1 -DHAVE_INTTYPES_H=1 -DHAVE_STDINT_H=1 -DHAVE_UNISTD_H=1 -DUSE_THREAD_ALLOC=1 -D_REENTRANT=1 -D_THREAD_SAFE=1 -DHAVE_PTHREAD_ATTR_SETSTACKSIZE=1 -DHAVE_PTHREAD_ATFORK=1 -DTCL_THREADS=1 -DMODULE_SCOPE=extern\ __attribute__\(\(__visibility__\(\"hidden\"\)\)\) -DHAVE_HIDDEN=1 -DMAC_OSX_TCL=1 -DHAVE_COREFOUNDATION=1 -DHAVE_CAST_TO_UNION=1 -DTCL_SHLIB_EXT=\".dylib\" -DNDEBUG=1 -DTCL_CFG_OPTIMIZED=1 -DTCL_WIDE_INT_IS_LONG=1 -DHAVE_SYS_TIME_H=1 -DTIME_WITH_SYS_TIME=1 -DHAVE_INTPTR_T=1 -DHAVE_UINTPTR_T=1 -DHAVE_PW_GECOS=1 -DHAVE_AVAILABILITYMACROS_H=1 -DHAVE_WEAK_IMPORT=1 -D_DARWIN_C_SOURCE=1 -DMAC_OSX_TK=1 -DTK_FRAMEWORK=1 '
DLL_INSTALL_DIR='$(LIB_INSTALL_DIR)'
DL_LIBS=''
DL_OBJS='tclLoadDyld.o'
ECHO_C='ECHO_N=''
ECHO_T=''
EGREP='grep -E'
EXEEXT=''
EXTRA_APP_CC_SWITCHES=' -mdynamic-no-pic'
EXTRA_BUILD_HTML='@ln -fs contents.htm "$(HTML_INSTALL_DIR)"/TkTOC.html'
EXTRA_CC_SWITCHES='-std=gnu99 -x objective-c -DTK_FRAMEWORK_VERSION=\"$(VERSION)\"'
EXTRA_INSTALL='install-private-headers html-tk'
EXTRA_INSTALL_BINARIES='@echo "Installing Info.plist to $(LIB_INSTALL_DIR)/Resources/" && $(INSTALL_DATA_DIR) "$(LIB_INSTALL_DIR)/Resources" && $(INSTALL_DATA) Tk-Info.plist "$(LIB_INSTALL_DIR)/Resources/Info.plist" && echo "Installing license.terms to $(LIB_INSTALL_DIR)/Resources/" && $(INSTALL_DATA) "$(TOP_DIR)/license.terms" "$(LIB_INSTALL_DIR)/Resources" && echo "Installing Images to $(LIB_INSTALL_DIR)/Resources/" && $(INSTALL_DATA_DIR) "$(LIB_INSTALL_DIR)/Resources" && for i in Tk.tiff Tk.icns; do $(INSTALL_DATA) "$(MAC_OSX_DIR)/$$i" "$(LIB_INSTALL_DIR)/Resources"; done && echo "Installing wish$(VERSION) script to $(INSTALL_ROOT)//usr/local/bin/" && $(INSTALL_DATA_DIR) "$(INSTALL_ROOT)//usr/local/bin" && printf > "$(INSTALL_ROOT)//usr/local/bin/wish$(VERSION)" "#!/bin/sh
EXTRA_WISH_LIBS='-sectcreate __TEXT __info_plist Wish-Info.plist'
HTML_DIR='/Library/Frameworks/Tk.framework/Versions/${VERSION}/Resources/Documentation/Reference/Tk'
INSTALL_LIB='$(INSTALL_LIBRARY) $(LIB_FILE) "$(LIB_INSTALL_DIR)/$(LIB_FILE)"'
INSTALL_STUB_LIB='$(INSTALL_LIBRARY) $(STUB_LIB_FILE) "$(LIB_INSTALL_DIR)/$(STUB_LIB_FILE)"'
LDAIX_SRC=''
LDFLAGS=' -prebind -headerpad_max_install_names -Wl,-search_paths_first '
LDFLAGS_DEBUG=''
LDFLAGS_DEFAULT='$(LDFLAGS_OPTIMIZE)'
LDFLAGS_OPTIMIZE=''
LD_LIBRARY_PATH_VAR='DYLD_FRAMEWORK_PATH'
LD_SEARCH_FLAGS=''
LIBOBJS=''
LIBS=' -lpthread -framework CoreFoundation -framework Cocoa -framework Carbon -framework IOKit'
LIB_RSRC_FILE=''
LIB_RUNTIME_DIR='$(libdir)'
LOCALES='cs da de el en en_gb eo es fr hu it nl pl pt ru sv'
LTLIBOBJS=''
MAKE_LIB='${SHLIB_LD} -o $@ ${OBJS} ${SHLIB_LD_LIBS} ${TCL_SHLIB_LD_EXTRAS} ${TK_SHLIB_LD_EXTRAS} ${LD_SEARCH_FLAGS}'
MAKE_STUB_LIB='${STLIB_LD} $@ ${STUB_LIB_OBJS} ; ${RANLIB} $@'
MAN_FLAGS=''
OBJEXT='o'
PACKAGE_BUGREPORT=''
PACKAGE_NAME='tk'
PACKAGE_STRING='tk 8.6'
PACKAGE_TARNAME='tk'
PACKAGE_VERSION='8.6'
PATH_SEPARATOR=':'
PLAT_OBJS='${MAC_OSX_OBJS}'
PLAT_SRCS='${MAC_OSX_SRCS}'
PRIVATE_INCLUDE_DIR='/Library/Frameworks/Tk.framework/Versions/${VERSION}/PrivateHeaders'
RANLIB='ranlib'
REZ=''
REZ_FLAGS=''
SHELL='/bin/sh'
SHLIB_CFLAGS='-fno-common'
SHLIB_LD='${CC} -dynamiclib ${CFLAGS} ${LDFLAGS} -Wl,-single_module'
SHLIB_LD_LIBS='${LIBS} ${TCL_STUB_LIB_SPEC}'
SHLIB_SUFFIX='.dylib'
STLIB_LD='${AR} cr'
TCLSH_PROG='/usr/bin/tclsh8.5'
TCL_BIN_DIR='/Users/dominickhera/posaRepo/year3/cis2750/a3/src/build/tcl/Deployment'
TCL_LIBS=' -lz  -lpthread -framework CoreFoundation '
TCL_LIB_FILE='Tcl'
TCL_LIB_FLAG='-framework Tcl'
TCL_LIB_SPEC='-F/Users/dominickhera/posaRepo/year3/cis2750/a3/src/build/tcl/Deployment -framework Tcl'
TCL_PATCH_LEVEL='.7'
TCL_SHLIB_LD_EXTRAS=''
TCL_SRC_DIR='/Users/dominickhera/posaRepo/year3/cis2750/a3/src/tcl8.6.7'
TCL_STUB_FLAGS='-DUSE_TCL_STUBS'
TCL_STUB_LIB_FILE='libtclstub8.6.a'
TCL_STUB_LIB_FLAG='-ltclstub8.6'
TCL_STUB_LIB_SPEC='-L/Users/dominickhera/posaRepo/year3/cis2750/a3/src/build/tcl/Deployment -ltclstub8.6'
TCL_THREADS='1'
TCL_VERSION='8.6'
TK_BUILD_LIB_SPEC='-F/Users/dominickhera/posaRepo/year3/cis2750/a3/src/build/tk/Deployment -framework Tk'
TK_BUILD_STUB_LIB_PATH='/Users/dominickhera/posaRepo/year3/cis2750/a3/src/build/tk/Deployment/libtkstub8.6.a'
TK_BUILD_STUB_LIB_SPEC='-L/Users/dominickhera/posaRepo/year3/cis2750/a3/src/build/tk/Deployment -ltkstub8.6'
TK_INCLUDE_SPEC='-I/Library/Frameworks/Tk.framework/Versions/8.6/Headers'
TK_LIBRARY='/Library/Frameworks/Tk.framework/Versions/${VERSION}/Resources/Scripts'
TK_LIB_FILE='Tk'
TK_LIB_FLAG='-framework Tk'
TK_LIB_SPEC='-F/Library/Frameworks -framework Tk'
TK_MAJOR_VERSION='8'
TK_MINOR_VERSION='6'
TK_PATCH_LEVEL='.7'
TK_PKG_DIR='Resources/Scripts'
TK_RSRC_FILE='Tk.rsrc'
TK_SHARED_BUILD='1'
TK_SHLIB_LD_EXTRAS='-compatibility_version 8.6 -current_version 8.6.7 -install_name "${DYLIB_INSTALL_DIR}/${TK_LIB_FILE}" -unexported_symbols_list $$(f=$(TK_LIB_FILE).E && nm -gp tkMacOSX*.o 2>/dev/null | awk "/^[0-9a-f]+ . \.objc/ {print \$$3}" > $$f && nm -gjp "$(TCL_BIN_DIR)"/$(TCL_STUB_LIB_FILE) | grep ^_[^_] >> $$f && echo $$f) -seg1addr 0xb000000 -sectcreate __TEXT __info_plist Tk-Info.plist'
TK_SRC_DIR='/Users/dominickhera/posaRepo/year3/cis2750/a3/src/tk8.6.7'
TK_STUB_LIB_FILE='libtkstub8.6.a'
TK_STUB_LIB_FLAG='-ltkstub8.6'
TK_STUB_LIB_PATH='/Library/Frameworks/Tk.framework/Versions/8.6/libtkstub8.6.a'
TK_STUB_LIB_SPEC='-L/Library/Frameworks/Tk.framework/Versions/8.6 -ltkstub8.6'
TK_VERSION='8.6'
TK_WINDOWINGSYSTEM='AQUA'
TK_YEAR='2017'
UNIX_FONT_OBJS=''
WISH_RSRC_FILE='Wish.rsrc'
XFT_CFLAGS=''
XFT_LIBS=''
XINCLUDES=''
XLIBSW=''
\"\$$(dirname \$$0)/../../..$(bindir)/Wish\" \"\$$@\"" && chmod +x "$(INSTALL_ROOT)//usr/local/bin/wish$(VERSION)" && echo "Installing Info.plist to $(BIN_INSTALL_DIR)/.." && $(INSTALL_DATA) Wish-Info.plist "$(BIN_INSTALL_DIR)/../Info.plist" && mv -f "$(BIN_INSTALL_DIR)/wish$(VERSION)" "$(BIN_INSTALL_DIR)/Wish" && echo "Installing Wish.icns to $(BIN_INSTALL_DIR)/../Resources" && $(INSTALL_DATA_DIR) "$(BIN_INSTALL_DIR)/../Resources" && $(INSTALL_DATA) "$(MAC_OSX_DIR)/Tk.icns" "$(BIN_INSTALL_DIR)/../Resources/Wish.icns" && echo "Installing Wish.sdef to $(BIN_INSTALL_DIR)/../Resources" && $(INSTALL_DATA) "$(MAC_OSX_DIR)/Wish.sdef" "$(BIN_INSTALL_DIR)/../Resources" && echo "Finalizing Tk.framework" && rm -f "$(LIB_INSTALL_DIR)/../Current" && ln -s "$(VERSION)" "$(LIB_INSTALL_DIR)/../Current" && for f in "$(LIB_FILE)" tkConfig.sh Resources Headers PrivateHeaders; do rm -f "$(LIB_INSTALL_DIR)/../../$$f" && ln -s "Versions/Current/$$f" "$(LIB_INSTALL_DIR)/../.."; done && f="$(STUB_LIB_FILE)" && rm -f "$(LIB_INSTALL_DIR)/../../$$f" && ln -s "Versions/$(VERSION)/$$f" "$(LIB_INSTALL_DIR)/../.."'
ac_ct_AR='ar'
ac_ct_CC='gcc'
ac_ct_RANLIB='ranlib'
bindir='/Library/Frameworks/Tk.framework/Versions/${VERSION}/Resources/Wish.app/Contents/MacOS'
build_alias=''
datadir='${prefix}/share'
exec_prefix='/usr/local'
host_alias=''
includedir='/Library/Frameworks/Tk.framework/Versions/${VERSION}/Headers'
infodir='${prefix}/info'
libdir='/Library/Frameworks/Tk.framework/Versions/${VERSION}'
libexecdir='${exec_prefix}/libexec'
localstatedir='${prefix}/var'
mandir='/usr/local/man'
oldincludedir='/usr/include'
prefix='/usr/local'
program_transform_name='s,x,x,'
sbindir='${exec_prefix}/sbin'
sharedstatedir='${prefix}/com'
sysconfdir='${prefix}/etc'
target_alias=''

## ----------- ##
## confdefs.h. ##
## ----------- ##

#define HAVE_AVAILABILITYMACROS_H 1
#define HAVE_CAST_TO_UNION 1
#define HAVE_COREFOUNDATION 1
#define HAVE_HIDDEN 1
#define HAVE_INTPTR_T 1
#define HAVE_INTTYPES_H 1
#define HAVE_MEMORY_H 1
#define HAVE_PTHREAD_ATFORK 1
#define HAVE_PTHREAD_ATTR_SETSTACKSIZE 1
#define HAVE_PW_GECOS 1
#define HAVE_STDINT_H 1
#define HAVE_STDLIB_H 1
#define HAVE_STRINGS_H 1
#define HAVE_STRING_H 1
#define HAVE_SYS_STAT_H 1
#define HAVE_SYS_TIME_H 1
#define HAVE_SYS_TYPES_H 1
#define HAVE_UINTPTR_T 1
#define HAVE_UNISTD_H 1
#define HAVE_WEAK_IMPORT 1
#define MAC_OSX_TCL 1
#define MAC_OSX_TK 1
#define MODULE_SCOPE extern __attribute__((__visibility__("hidden")))
#define NDEBUG 1
#define PACKAGE_BUGREPORT ""
#define PACKAGE_NAME "tk"
#define PACKAGE_STRING "tk 8.6"
#define PACKAGE_TARNAME "tk"
#define PACKAGE_VERSION "8.6"
#define STDC_HEADERS 1
#define TCL_CFG_OPTIMIZED 1
#define TCL_SHLIB_EXT ".dylib"
#define TCL_THREADS 1
#define TCL_WIDE_INT_IS_LONG 1
#define TIME_WITH_SYS_TIME 1
#define TK_FRAMEWORK 1
#define USE_THREAD_ALLOC 1
#define _DARWIN_C_SOURCE 1
#define _REENTRANT 1
#define _THREAD_SAFE 1

configure: exit 0
